22-Feb-2021-06:06:13 [AngloAmerican.SDET.UITest.Common.Selenium.Drivers] [INFO] [LaunchChromeDriver] -Chrome browser version is: 88.0.4324.182
22-Feb-2021-06:06:13 [AngloAmerican.SDET.UITest.Common.Selenium.Drivers] [INFO] [LaunchChromeDriver] -Chrome driver version is: 88.0.4324.96 (68dba2d8a0b149a1d3afac56fa74648032bcf46b-refs/branch-heads/4324@{#1784})
22-Feb-2021-06:06:13 [AngloAmerican.SDET.UITest.Common.Config.ConfigSetUp] [INFO] [GetConfigData] -Config file read successfully
22-Feb-2021-06:06:13 [AngloAmerican.SDET.UITest.Common.Config.ConfigSetUp] [INFO] [get_Config] -JSON file parsed into CLR compliant object
22-Feb-2021-06:06:17 [AngloAmerican.SDET.UITest.Common.Extensions.WebElementExtensions] [INFO] [Click] -The web element is clicked
22-Feb-2021-06:06:17 [AngloAmerican.SDET.UITest.Common.Extensions.JavaScriptExtensions] [INFO] [ScrollToBottom] -Screen scrolled to bottom
22-Feb-2021-06:06:17 [AngloAmerican.SDET.UITest.Common.Extensions.WebDriverExtensions+<>c__DisplayClass8_0] [INFO] [<IsWebElementEnabled>b__0] -Web Element is enabled
22-Feb-2021-06:06:17 [AngloAmerican.SDET.UITest.Common.Extensions.WebElementExtensions] [INFO] [SelectDropDownOptionByText] -Value is selected from the dropdown list
22-Feb-2021-06:06:17 [AngloAmerican.SDET.UITest.Common.Extensions.JavaScriptExtensions] [INFO] [ScrollToBottom] -Screen scrolled to bottom
22-Feb-2021-06:06:17 [AngloAmerican.SDET.UITest.Common.Helper.CaptureTestEvidence] [INFO] [TakeScreenShot] -Screenshot saved successfully
22-Feb-2021-06:06:24 [AngloAmerican.SDET.UITest.Common.Selenium.Drivers] [INFO] [LaunchChromeDriver] -Chrome browser version is: 88.0.4324.182
22-Feb-2021-06:06:24 [AngloAmerican.SDET.UITest.Common.Selenium.Drivers] [INFO] [LaunchChromeDriver] -Chrome driver version is: 88.0.4324.96 (68dba2d8a0b149a1d3afac56fa74648032bcf46b-refs/branch-heads/4324@{#1784})
22-Feb-2021-06:06:24 [AngloAmerican.SDET.UITest.Common.Config.ConfigSetUp] [INFO] [GetConfigData] -Config file read successfully
22-Feb-2021-06:06:24 [AngloAmerican.SDET.UITest.Common.Config.ConfigSetUp] [INFO] [get_Config] -JSON file parsed into CLR compliant object
22-Feb-2021-06:06:25 [AngloAmerican.SDET.UITest.Common.Extensions.WebElementExtensions] [INFO] [Click] -The web element is clicked
22-Feb-2021-06:06:25 [AngloAmerican.SDET.UITest.Common.Extensions.WebDriverExtensions+<>c__DisplayClass8_0] [INFO] [<IsWebElementEnabled>b__0] -Web Element is enabled
22-Feb-2021-06:06:26 [AngloAmerican.SDET.UITest.Common.Extensions.WebElementExtensions] [INFO] [SendKeys] -Value sent to the input box 
22-Feb-2021-06:06:26 [AngloAmerican.SDET.UITest.Common.Config.ConfigSetUp] [INFO] [GetConfigData] -Config file read successfully
22-Feb-2021-06:06:26 [AngloAmerican.SDET.UITest.Common.Config.ConfigSetUp] [INFO] [get_Config] -JSON file parsed into CLR compliant object
22-Feb-2021-06:06:26 [AngloAmerican.SDET.UITest.Common.Extensions.WebDriverExtensions+<>c__DisplayClass8_0] [INFO] [<IsWebElementEnabled>b__0] -Web Element is enabled
22-Feb-2021-06:06:26 [AngloAmerican.SDET.UITest.Common.Extensions.WebElementExtensions] [INFO] [SendKeys] -Value sent to the input box 
22-Feb-2021-06:06:26 [AngloAmerican.SDET.UITest.Common.Extensions.WebElementExtensions] [INFO] [Click] -The web element is clicked
22-Feb-2021-06:06:26 [AngloAmerican.SDET.UITest.Common.Extensions.WebElementExtensions] [INFO] [Click] -The web element is clicked
22-Feb-2021-06:06:27 [AngloAmerican.SDET.UITest.Common.Extensions.WebElementExtensions] [INFO] [Click] -The web element is clicked
22-Feb-2021-06:06:27 [AngloAmerican.SDET.UITest.Common.Extensions.WebDriverExtensions+<>c__DisplayClass8_0] [INFO] [<IsWebElementEnabled>b__0] -Web Element is enabled
22-Feb-2021-06:06:27 [AngloAmerican.SDET.UITest.Common.Extensions.WebElementExtensions] [INFO] [SendKeys] -Value sent to the input box 
22-Feb-2021-06:06:27 [AngloAmerican.SDET.UITest.Common.Extensions.WebDriverExtensions+<>c__DisplayClass8_0] [INFO] [<IsWebElementEnabled>b__0] -Web Element is enabled
22-Feb-2021-06:06:27 [AngloAmerican.SDET.UITest.Common.Extensions.WebElementExtensions] [INFO] [SendKeys] -Value sent to the input box 
22-Feb-2021-06:06:27 [AngloAmerican.SDET.UITest.Common.Extensions.WebDriverExtensions+<>c__DisplayClass8_0] [INFO] [<IsWebElementEnabled>b__0] -Web Element is enabled
22-Feb-2021-06:06:27 [AngloAmerican.SDET.UITest.Common.Extensions.WebElementExtensions] [INFO] [SendKeys] -Value sent to the input box 
22-Feb-2021-06:06:27 [AngloAmerican.SDET.UITest.Common.Extensions.WebDriverExtensions+<>c__DisplayClass8_0] [INFO] [<IsWebElementEnabled>b__0] -Web Element is enabled
22-Feb-2021-06:06:27 [AngloAmerican.SDET.UITest.Common.Extensions.WebElementExtensions] [INFO] [SendKeys] -Value sent to the input box 
22-Feb-2021-06:06:27 [AngloAmerican.SDET.UITest.Common.Extensions.WebDriverExtensions+<>c__DisplayClass8_0] [INFO] [<IsWebElementEnabled>b__0] -Web Element is enabled
22-Feb-2021-06:06:27 [AngloAmerican.SDET.UITest.Common.Extensions.WebElementExtensions] [INFO] [SelectDropDownOptionByText] -Value is selected from the dropdown list
22-Feb-2021-06:06:27 [AngloAmerican.SDET.UITest.Common.Extensions.WebDriverExtensions+<>c__DisplayClass8_0] [INFO] [<IsWebElementEnabled>b__0] -Web Element is enabled
22-Feb-2021-06:06:27 [AngloAmerican.SDET.UITest.Common.Extensions.WebElementExtensions] [INFO] [SendKeys] -Value sent to the input box 
22-Feb-2021-06:06:27 [AngloAmerican.SDET.UITest.Common.Extensions.WebDriverExtensions+<>c__DisplayClass8_0] [INFO] [<IsWebElementEnabled>b__0] -Web Element is enabled
22-Feb-2021-06:06:29 [AngloAmerican.SDET.UITest.Common.Extensions.WebElementExtensions] [ERROR] [SelectDropDownOptionByText] -Error occured in selecting value from dropdown list:    at OpenQA.Selenium.Support.UI.SelectElement.SelectByText(String text, Boolean partialMatch)
   at AngloAmerican.SDET.UITest.Common.Extensions.WebElementExtensions.SelectDropDownOptionByText(IWebElement element, String valueToSelect, Int32 waitTime) in C:\Users\Santosh Kumar\Source\Workspace\AutomationTests\AngloAmerican.SDET.UITest.Common\AngloAmerican.SDET.UITest.Common\Extensions\WebElementExtensions.cs:line 51
22-Feb-2021-06:06:30 [AngloAmerican.SDET.UITest.Common.Extensions.WebElementExtensions] [INFO] [Click] -The web element is clicked
22-Feb-2021-06:06:30 [AngloAmerican.SDET.UITest.Common.Helper.CaptureTestEvidence] [INFO] [TakeScreenShot] -Screenshot saved successfully
22-Feb-2021-06:06:35 [AngloAmerican.SDET.UITest.Common.Selenium.Drivers] [INFO] [LaunchChromeDriver] -Chrome browser version is: 88.0.4324.182
22-Feb-2021-06:06:35 [AngloAmerican.SDET.UITest.Common.Selenium.Drivers] [INFO] [LaunchChromeDriver] -Chrome driver version is: 88.0.4324.96 (68dba2d8a0b149a1d3afac56fa74648032bcf46b-refs/branch-heads/4324@{#1784})
22-Feb-2021-06:06:35 [AngloAmerican.SDET.UITest.Common.Config.ConfigSetUp] [INFO] [GetConfigData] -Config file read successfully
22-Feb-2021-06:06:35 [AngloAmerican.SDET.UITest.Common.Config.ConfigSetUp] [INFO] [get_Config] -JSON file parsed into CLR compliant object
22-Feb-2021-06:06:37 [AngloAmerican.SDET.UITest.Common.Extensions.JavaScriptExtensions] [INFO] [ScrollToBottom] -Screen scrolled to bottom
22-Feb-2021-06:06:37 [AngloAmerican.SDET.UITest.Common.Extensions.WebElementExtensions] [INFO] [Click] -The web element is clicked
22-Feb-2021-06:06:42 [AngloAmerican.SDET.UITest.Common.Extensions.WebElementExtensions] [INFO] [Click] -The web element is clicked
22-Feb-2021-06:06:42 [AngloAmerican.SDET.UITest.Common.Extensions.WebElementExtensions] [INFO] [Click] -The web element is clicked
22-Feb-2021-06:06:46 [AngloAmerican.SDET.UITest.Common.Extensions.WebDriverExtensions+<>c__DisplayClass8_0] [INFO] [<IsWebElementEnabled>b__0] -Web Element is enabled
22-Feb-2021-06:06:46 [AngloAmerican.SDET.UITest.Common.Extensions.WebElementExtensions] [INFO] [SelectDropDownOptionByIndex] -Value is selected from the dropdown list
22-Feb-2021-06:06:49 [AngloAmerican.SDET.UITest.Common.Extensions.WebElementExtensions] [INFO] [Click] -The web element is clicked
22-Feb-2021-06:06:49 [AngloAmerican.SDET.UITest.Common.Extensions.JavaScriptExtensions] [INFO] [ScrollToTop] -Screen scrolled to top
22-Feb-2021-06:06:49 [AngloAmerican.SDET.UITest.Common.Extensions.WebElementExtensions] [INFO] [Click] -The web element is clicked
22-Feb-2021-06:06:49 [AngloAmerican.SDET.UITest.Common.Extensions.JavaScriptExtensions] [INFO] [ScrollToBottom] -Screen scrolled to bottom
22-Feb-2021-06:06:50 [AngloAmerican.SDET.UITest.Common.Extensions.WebElementExtensions] [INFO] [Click] -The web element is clicked
22-Feb-2021-06:06:50 [AngloAmerican.SDET.UITest.Common.Extensions.WebElementExtensions] [INFO] [Click] -The web element is clicked
22-Feb-2021-06:06:50 [AngloAmerican.SDET.UITest.Common.Extensions.WebElementExtensions] [INFO] [Click] -The web element is clicked
22-Feb-2021-06:06:50 [AngloAmerican.SDET.UITest.Common.Extensions.WebDriverExtensions+<>c__DisplayClass8_0] [INFO] [<IsWebElementEnabled>b__0] -Web Element is enabled
22-Feb-2021-06:06:50 [AngloAmerican.SDET.UITest.Common.Extensions.WebElementExtensions] [INFO] [SendKeys] -Value sent to the input box 
22-Feb-2021-06:06:50 [AngloAmerican.SDET.UITest.Common.Extensions.WebDriverExtensions+<>c__DisplayClass8_0] [INFO] [<IsWebElementEnabled>b__0] -Web Element is enabled
22-Feb-2021-06:06:50 [AngloAmerican.SDET.UITest.Common.Extensions.WebElementExtensions] [INFO] [SendKeys] -Value sent to the input box 
22-Feb-2021-06:06:50 [AngloAmerican.SDET.UITest.Common.Extensions.WebDriverExtensions+<>c__DisplayClass8_0] [INFO] [<IsWebElementEnabled>b__0] -Web Element is enabled
22-Feb-2021-06:06:51 [AngloAmerican.SDET.UITest.Common.Extensions.WebElementExtensions] [INFO] [SendKeys] -Value sent to the input box 
22-Feb-2021-06:06:51 [AngloAmerican.SDET.UITest.Common.Extensions.WebDriverExtensions+<>c__DisplayClass8_0] [INFO] [<IsWebElementEnabled>b__0] -Web Element is enabled
22-Feb-2021-06:06:51 [AngloAmerican.SDET.UITest.Common.Extensions.WebElementExtensions] [INFO] [SendKeys] -Value sent to the input box 
22-Feb-2021-06:06:51 [AngloAmerican.SDET.UITest.Common.Extensions.WebDriverExtensions+<>c__DisplayClass8_0] [INFO] [<IsWebElementEnabled>b__0] -Web Element is enabled
22-Feb-2021-06:06:51 [AngloAmerican.SDET.UITest.Common.Extensions.WebElementExtensions] [INFO] [SendKeys] -Value sent to the input box 
22-Feb-2021-06:06:51 [AngloAmerican.SDET.UITest.Common.Extensions.WebDriverExtensions+<>c__DisplayClass8_0] [INFO] [<IsWebElementEnabled>b__0] -Web Element is enabled
22-Feb-2021-06:06:51 [AngloAmerican.SDET.UITest.Common.Extensions.WebElementExtensions] [INFO] [SendKeys] -Value sent to the input box 
22-Feb-2021-06:06:51 [AngloAmerican.SDET.UITest.Common.Extensions.WebDriverExtensions+<>c__DisplayClass8_0] [INFO] [<IsWebElementEnabled>b__0] -Web Element is enabled
22-Feb-2021-06:06:51 [AngloAmerican.SDET.UITest.Common.Extensions.WebElementExtensions] [INFO] [SelectDropDownOptionByText] -Value is selected from the dropdown list
22-Feb-2021-06:06:51 [AngloAmerican.SDET.UITest.Common.Extensions.WebDriverExtensions+<>c__DisplayClass8_0] [INFO] [<IsWebElementEnabled>b__0] -Web Element is enabled
22-Feb-2021-06:06:51 [AngloAmerican.SDET.UITest.Common.Extensions.WebElementExtensions] [INFO] [SendKeys] -Value sent to the input box 
22-Feb-2021-06:06:51 [AngloAmerican.SDET.UITest.Common.Extensions.WebDriverExtensions+<>c__DisplayClass8_0] [INFO] [<IsWebElementEnabled>b__0] -Web Element is enabled
22-Feb-2021-06:06:53 [AngloAmerican.SDET.UITest.Common.Extensions.WebElementExtensions] [ERROR] [SelectDropDownOptionByText] -Error occured in selecting value from dropdown list:    at OpenQA.Selenium.Support.UI.SelectElement.SelectByText(String text, Boolean partialMatch)
   at AngloAmerican.SDET.UITest.Common.Extensions.WebElementExtensions.SelectDropDownOptionByText(IWebElement element, String valueToSelect, Int32 waitTime) in C:\Users\Santosh Kumar\Source\Workspace\AutomationTests\AngloAmerican.SDET.UITest.Common\AngloAmerican.SDET.UITest.Common\Extensions\WebElementExtensions.cs:line 51
22-Feb-2021-06:06:54 [AngloAmerican.SDET.UITest.Common.Extensions.WebElementExtensions] [INFO] [Click] -The web element is clicked
22-Feb-2021-06:06:54 [AngloAmerican.SDET.UITest.Common.Extensions.WebElementExtensions] [INFO] [Click] -The web element is clicked
22-Feb-2021-06:06:59 [AngloAmerican.SDET.UITest.Common.Selenium.Drivers] [INFO] [LaunchChromeDriver] -Chrome browser version is: 88.0.4324.182
22-Feb-2021-06:06:59 [AngloAmerican.SDET.UITest.Common.Selenium.Drivers] [INFO] [LaunchChromeDriver] -Chrome driver version is: 88.0.4324.96 (68dba2d8a0b149a1d3afac56fa74648032bcf46b-refs/branch-heads/4324@{#1784})
22-Feb-2021-06:06:59 [AngloAmerican.SDET.UITest.Common.Config.ConfigSetUp] [INFO] [GetConfigData] -Config file read successfully
22-Feb-2021-06:06:59 [AngloAmerican.SDET.UITest.Common.Config.ConfigSetUp] [INFO] [get_Config] -JSON file parsed into CLR compliant object
22-Feb-2021-06:07:01 [AngloAmerican.SDET.UITest.Common.Extensions.WebElementExtensions] [INFO] [Click] -The web element is clicked
22-Feb-2021-06:07:01 [AngloAmerican.SDET.UITest.Common.Extensions.WebElementExtensions] [INFO] [Click] -The web element is clicked
22-Feb-2021-06:07:01 [AngloAmerican.SDET.UITest.Common.Extensions.WebElementExtensions] [INFO] [Click] -The web element is clicked
22-Feb-2021-06:07:01 [AngloAmerican.SDET.UITest.Common.Extensions.WebDriverExtensions+<>c__DisplayClass8_0] [INFO] [<IsWebElementEnabled>b__0] -Web Element is enabled
22-Feb-2021-06:07:01 [AngloAmerican.SDET.UITest.Common.Extensions.WebElementExtensions] [INFO] [SendKeys] -Value sent to the input box 
22-Feb-2021-06:07:01 [AngloAmerican.SDET.UITest.Common.Extensions.WebDriverExtensions+<>c__DisplayClass8_0] [INFO] [<IsWebElementEnabled>b__0] -Web Element is enabled
22-Feb-2021-06:07:01 [AngloAmerican.SDET.UITest.Common.Extensions.WebElementExtensions] [INFO] [SendKeys] -Value sent to the input box 
22-Feb-2021-06:07:01 [AngloAmerican.SDET.UITest.Common.Extensions.WebDriverExtensions+<>c__DisplayClass8_0] [INFO] [<IsWebElementEnabled>b__0] -Web Element is enabled
22-Feb-2021-06:07:01 [AngloAmerican.SDET.UITest.Common.Extensions.WebElementExtensions] [INFO] [SendKeys] -Value sent to the input box 
22-Feb-2021-06:07:01 [AngloAmerican.SDET.UITest.Common.Extensions.WebDriverExtensions+<>c__DisplayClass8_0] [INFO] [<IsWebElementEnabled>b__0] -Web Element is enabled
22-Feb-2021-06:07:01 [AngloAmerican.SDET.UITest.Common.Extensions.WebElementExtensions] [INFO] [SendKeys] -Value sent to the input box 
22-Feb-2021-06:07:01 [AngloAmerican.SDET.UITest.Common.Extensions.WebDriverExtensions+<>c__DisplayClass8_0] [INFO] [<IsWebElementEnabled>b__0] -Web Element is enabled
22-Feb-2021-06:07:02 [AngloAmerican.SDET.UITest.Common.Extensions.WebElementExtensions] [INFO] [SendKeys] -Value sent to the input box 
22-Feb-2021-06:07:02 [AngloAmerican.SDET.UITest.Common.Extensions.WebDriverExtensions+<>c__DisplayClass8_0] [INFO] [<IsWebElementEnabled>b__0] -Web Element is enabled
22-Feb-2021-06:07:02 [AngloAmerican.SDET.UITest.Common.Extensions.WebElementExtensions] [INFO] [SendKeys] -Value sent to the input box 
22-Feb-2021-06:07:02 [AngloAmerican.SDET.UITest.Common.Extensions.WebDriverExtensions+<>c__DisplayClass8_0] [INFO] [<IsWebElementEnabled>b__0] -Web Element is enabled
22-Feb-2021-06:07:02 [AngloAmerican.SDET.UITest.Common.Extensions.WebElementExtensions] [INFO] [SelectDropDownOptionByText] -Value is selected from the dropdown list
22-Feb-2021-06:07:02 [AngloAmerican.SDET.UITest.Common.Extensions.WebDriverExtensions+<>c__DisplayClass8_0] [INFO] [<IsWebElementEnabled>b__0] -Web Element is enabled
22-Feb-2021-06:07:02 [AngloAmerican.SDET.UITest.Common.Extensions.WebElementExtensions] [INFO] [SendKeys] -Value sent to the input box 
22-Feb-2021-06:07:02 [AngloAmerican.SDET.UITest.Common.Extensions.WebDriverExtensions+<>c__DisplayClass8_0] [INFO] [<IsWebElementEnabled>b__0] -Web Element is enabled
22-Feb-2021-06:07:04 [AngloAmerican.SDET.UITest.Common.Extensions.WebElementExtensions] [ERROR] [SelectDropDownOptionByText] -Error occured in selecting value from dropdown list:    at OpenQA.Selenium.Support.UI.SelectElement.SelectByText(String text, Boolean partialMatch)
   at AngloAmerican.SDET.UITest.Common.Extensions.WebElementExtensions.SelectDropDownOptionByText(IWebElement element, String valueToSelect, Int32 waitTime) in C:\Users\Santosh Kumar\Source\Workspace\AutomationTests\AngloAmerican.SDET.UITest.Common\AngloAmerican.SDET.UITest.Common\Extensions\WebElementExtensions.cs:line 51
22-Feb-2021-06:07:04 [AngloAmerican.SDET.UITest.Common.Extensions.WebDriverExtensions+<>c__DisplayClass8_0] [INFO] [<IsWebElementEnabled>b__0] -Web Element is enabled
22-Feb-2021-06:07:04 [AngloAmerican.SDET.UITest.Common.Extensions.WebElementExtensions] [INFO] [SendKeys] -Value sent to the input box 
22-Feb-2021-06:07:04 [AngloAmerican.SDET.UITest.Common.Config.ConfigSetUp] [INFO] [GetConfigData] -Config file read successfully
22-Feb-2021-06:07:04 [AngloAmerican.SDET.UITest.Common.Config.ConfigSetUp] [INFO] [get_Config] -JSON file parsed into CLR compliant object
22-Feb-2021-06:07:04 [AngloAmerican.SDET.UITest.Common.Extensions.WebDriverExtensions+<>c__DisplayClass8_0] [INFO] [<IsWebElementEnabled>b__0] -Web Element is enabled
22-Feb-2021-06:07:04 [AngloAmerican.SDET.UITest.Common.Extensions.WebElementExtensions] [INFO] [SendKeys] -Value sent to the input box 
22-Feb-2021-06:07:04 [AngloAmerican.SDET.UITest.Common.Config.ConfigSetUp] [INFO] [GetConfigData] -Config file read successfully
22-Feb-2021-06:07:04 [AngloAmerican.SDET.UITest.Common.Config.ConfigSetUp] [INFO] [get_Config] -JSON file parsed into CLR compliant object
22-Feb-2021-06:07:04 [AngloAmerican.SDET.UITest.Common.Extensions.WebDriverExtensions+<>c__DisplayClass8_0] [INFO] [<IsWebElementEnabled>b__0] -Web Element is enabled
22-Feb-2021-06:07:04 [AngloAmerican.SDET.UITest.Common.Extensions.WebElementExtensions] [INFO] [SendKeys] -Value sent to the input box 
22-Feb-2021-06:07:04 [AngloAmerican.SDET.UITest.Common.Extensions.WebElementExtensions] [INFO] [Click] -The web element is clicked
22-Feb-2021-06:07:05 [AngloAmerican.SDET.UITest.Common.Extensions.WebElementExtensions] [INFO] [Click] -The web element is clicked
22-Feb-2021-06:07:05 [AngloAmerican.SDET.UITest.Common.Config.ConfigSetUp] [INFO] [GetConfigData] -Config file read successfully
22-Feb-2021-06:07:05 [AngloAmerican.SDET.UITest.Common.Config.ConfigSetUp] [INFO] [get_Config] -JSON file parsed into CLR compliant object
22-Feb-2021-06:07:05 [AngloAmerican.SDET.UITest.Common.Extensions.JavaScriptExtensions] [INFO] [ScrollToBottom] -Screen scrolled to bottom
22-Feb-2021-06:07:06 [AngloAmerican.SDET.UITest.Common.Extensions.WebElementExtensions] [INFO] [Click] -The web element is clicked
22-Feb-2021-06:07:10 [AngloAmerican.SDET.UITest.Common.Extensions.WebElementExtensions] [INFO] [Click] -The web element is clicked
22-Feb-2021-06:07:11 [AngloAmerican.SDET.UITest.Common.Extensions.WebElementExtensions] [INFO] [Click] -The web element is clicked
22-Feb-2021-06:07:11 [AngloAmerican.SDET.UITest.Common.Extensions.WebDriverExtensions+<>c__DisplayClass8_0] [INFO] [<IsWebElementEnabled>b__0] -Web Element is enabled
22-Feb-2021-06:07:11 [AngloAmerican.SDET.UITest.Common.Extensions.WebElementExtensions] [INFO] [SelectDropDownOptionByIndex] -Value is selected from the dropdown list
22-Feb-2021-06:07:11 [AngloAmerican.SDET.UITest.Common.Extensions.WebElementExtensions] [INFO] [Click] -The web element is clicked
22-Feb-2021-06:07:11 [AngloAmerican.SDET.UITest.Common.Extensions.JavaScriptExtensions] [INFO] [ScrollToTop] -Screen scrolled to top
22-Feb-2021-06:07:12 [AngloAmerican.SDET.UITest.Common.Extensions.WebElementExtensions] [INFO] [Click] -The web element is clicked
22-Feb-2021-06:07:12 [AngloAmerican.SDET.UITest.Common.Extensions.JavaScriptExtensions] [INFO] [ScrollToBottom] -Screen scrolled to bottom
22-Feb-2021-06:07:12 [AngloAmerican.SDET.UITest.Common.Extensions.WebElementExtensions] [INFO] [Click] -The web element is clicked
22-Feb-2021-06:07:13 [AngloAmerican.SDET.UITest.Common.Extensions.WebElementExtensions] [INFO] [Click] -The web element is clicked
22-Feb-2021-06:07:18 [AngloAmerican.SDET.UITest.Common.Selenium.Drivers] [INFO] [LaunchChromeDriver] -Chrome browser version is: 88.0.4324.182
22-Feb-2021-06:07:18 [AngloAmerican.SDET.UITest.Common.Selenium.Drivers] [INFO] [LaunchChromeDriver] -Chrome driver version is: 88.0.4324.96 (68dba2d8a0b149a1d3afac56fa74648032bcf46b-refs/branch-heads/4324@{#1784})
22-Feb-2021-06:07:18 [AngloAmerican.SDET.UITest.Common.Config.ConfigSetUp] [INFO] [GetConfigData] -Config file read successfully
22-Feb-2021-06:07:18 [AngloAmerican.SDET.UITest.Common.Config.ConfigSetUp] [INFO] [get_Config] -JSON file parsed into CLR compliant object
22-Feb-2021-06:07:20 [AngloAmerican.SDET.UITest.Common.Extensions.WebElementExtensions] [INFO] [Click] -The web element is clicked
22-Feb-2021-06:07:20 [AngloAmerican.SDET.UITest.Common.Extensions.WebDriverExtensions+<>c__DisplayClass8_0] [INFO] [<IsWebElementEnabled>b__0] -Web Element is enabled
22-Feb-2021-06:07:20 [AngloAmerican.SDET.UITest.Common.Extensions.WebElementExtensions] [INFO] [SendKeys] -Value sent to the input box 
22-Feb-2021-06:07:20 [AngloAmerican.SDET.UITest.Common.Config.ConfigSetUp] [INFO] [GetConfigData] -Config file read successfully
22-Feb-2021-06:07:20 [AngloAmerican.SDET.UITest.Common.Config.ConfigSetUp] [INFO] [get_Config] -JSON file parsed into CLR compliant object
22-Feb-2021-06:07:20 [AngloAmerican.SDET.UITest.Common.Extensions.WebDriverExtensions+<>c__DisplayClass8_0] [INFO] [<IsWebElementEnabled>b__0] -Web Element is enabled
22-Feb-2021-06:07:20 [AngloAmerican.SDET.UITest.Common.Extensions.WebElementExtensions] [INFO] [SendKeys] -Value sent to the input box 
22-Feb-2021-06:07:21 [AngloAmerican.SDET.UITest.Common.Extensions.WebElementExtensions] [INFO] [Click] -The web element is clicked
22-Feb-2021-06:07:21 [AngloAmerican.SDET.UITest.Common.Extensions.WebElementExtensions] [INFO] [Click] -The web element is clicked
22-Feb-2021-06:07:21 [AngloAmerican.SDET.UITest.Common.Extensions.WebElementExtensions] [INFO] [Click] -The web element is clicked
22-Feb-2021-06:07:22 [AngloAmerican.SDET.UITest.Common.Extensions.WebElementExtensions] [INFO] [Click] -The web element is clicked
22-Feb-2021-06:07:22 [AngloAmerican.SDET.UITest.Common.Config.ConfigSetUp] [INFO] [GetConfigData] -Config file read successfully
22-Feb-2021-06:07:22 [AngloAmerican.SDET.UITest.Common.Config.ConfigSetUp] [INFO] [get_Config] -JSON file parsed into CLR compliant object
22-Feb-2021-06:07:22 [AngloAmerican.SDET.UITest.Common.Extensions.JavaScriptExtensions] [INFO] [ScrollToBottom] -Screen scrolled to bottom
22-Feb-2021-06:07:23 [AngloAmerican.SDET.UITest.Common.Extensions.WebElementExtensions] [INFO] [Click] -The web element is clicked
22-Feb-2021-06:07:27 [AngloAmerican.SDET.UITest.Common.Extensions.WebElementExtensions] [INFO] [Click] -The web element is clicked
22-Feb-2021-06:07:27 [AngloAmerican.SDET.UITest.Common.Extensions.WebElementExtensions] [INFO] [Click] -The web element is clicked
22-Feb-2021-06:07:28 [AngloAmerican.SDET.UITest.Common.Extensions.WebElementExtensions] [INFO] [Click] -The web element is clicked
22-Feb-2021-06:07:28 [AngloAmerican.SDET.UITest.Common.Extensions.JavaScriptExtensions] [INFO] [ScrollToTop] -Screen scrolled to top
22-Feb-2021-06:07:28 [AngloAmerican.SDET.UITest.Common.Extensions.WebElementExtensions] [INFO] [Click] -The web element is clicked
22-Feb-2021-06:07:28 [AngloAmerican.SDET.UITest.Common.Extensions.JavaScriptExtensions] [INFO] [ScrollToBottom] -Screen scrolled to bottom
22-Feb-2021-06:07:29 [AngloAmerican.SDET.UITest.Common.Extensions.WebElementExtensions] [INFO] [Click] -The web element is clicked
22-Feb-2021-06:07:29 [AngloAmerican.SDET.UITest.Common.Extensions.WebElementExtensions] [INFO] [Click] -The web element is clicked
22-Feb-2021-06:07:34 [AngloAmerican.SDET.UITest.Common.Selenium.Drivers] [INFO] [LaunchChromeDriver] -Chrome browser version is: 88.0.4324.182
22-Feb-2021-06:07:34 [AngloAmerican.SDET.UITest.Common.Selenium.Drivers] [INFO] [LaunchChromeDriver] -Chrome driver version is: 88.0.4324.96 (68dba2d8a0b149a1d3afac56fa74648032bcf46b-refs/branch-heads/4324@{#1784})
22-Feb-2021-06:07:34 [AngloAmerican.SDET.UITest.Common.Config.ConfigSetUp] [INFO] [GetConfigData] -Config file read successfully
22-Feb-2021-06:07:34 [AngloAmerican.SDET.UITest.Common.Config.ConfigSetUp] [INFO] [get_Config] -JSON file parsed into CLR compliant object
22-Feb-2021-06:07:36 [AngloAmerican.SDET.UITest.Common.Extensions.WebElementExtensions] [INFO] [Click] -The web element is clicked
22-Feb-2021-06:07:36 [AngloAmerican.SDET.UITest.Common.Extensions.WebDriverExtensions+<>c__DisplayClass8_0] [INFO] [<IsWebElementEnabled>b__0] -Web Element is enabled
22-Feb-2021-06:07:36 [AngloAmerican.SDET.UITest.Common.Extensions.WebElementExtensions] [INFO] [SendKeys] -Value sent to the input box 
22-Feb-2021-06:07:36 [AngloAmerican.SDET.UITest.Common.Config.ConfigSetUp] [INFO] [GetConfigData] -Config file read successfully
22-Feb-2021-06:07:36 [AngloAmerican.SDET.UITest.Common.Config.ConfigSetUp] [INFO] [get_Config] -JSON file parsed into CLR compliant object
22-Feb-2021-06:07:36 [AngloAmerican.SDET.UITest.Common.Extensions.WebDriverExtensions+<>c__DisplayClass8_0] [INFO] [<IsWebElementEnabled>b__0] -Web Element is enabled
22-Feb-2021-06:07:37 [AngloAmerican.SDET.UITest.Common.Extensions.WebElementExtensions] [INFO] [SendKeys] -Value sent to the input box 
22-Feb-2021-06:07:37 [AngloAmerican.SDET.UITest.Common.Extensions.WebElementExtensions] [INFO] [Click] -The web element is clicked
22-Feb-2021-06:07:37 [AngloAmerican.SDET.UITest.Common.Extensions.WebElementExtensions] [INFO] [Click] -The web element is clicked
22-Feb-2021-06:07:38 [AngloAmerican.SDET.UITest.Common.Extensions.WebElementExtensions] [INFO] [Click] -The web element is clicked
22-Feb-2021-06:07:38 [AngloAmerican.SDET.UITest.Common.Helper.CaptureTestEvidence] [INFO] [TakeScreenShot] -Screenshot saved successfully
22-Feb-2021-06:07:55 [AngloAmerican.SDET.UITest.Common.Hooks.SpecFlowHooks] [INFO] [AfterTestRunTearDown] -Test run complete. WebDriver closed and resources disposed
22-Feb-2021-06:44:21 [AngloAmerican.SDET.UITest.Common.Selenium.Drivers] [INFO] [LaunchChromeDriver] -Chrome browser version is: 88.0.4324.182
22-Feb-2021-06:44:21 [AngloAmerican.SDET.UITest.Common.Selenium.Drivers] [INFO] [LaunchChromeDriver] -Chrome driver version is: 88.0.4324.96 (68dba2d8a0b149a1d3afac56fa74648032bcf46b-refs/branch-heads/4324@{#1784})
22-Feb-2021-06:44:21 [AngloAmerican.SDET.UITest.Common.Config.ConfigSetUp] [INFO] [GetConfigData] -Config file read successfully
22-Feb-2021-06:44:21 [AngloAmerican.SDET.UITest.Common.Config.ConfigSetUp] [INFO] [get_Config] -JSON file parsed into CLR compliant object
22-Feb-2021-06:44:22 [AngloAmerican.SDET.UITest.Common.Extensions.WebElementExtensions] [INFO] [Click] -The web element is clicked
22-Feb-2021-06:44:28 [AngloAmerican.SDET.UITest.Common.Extensions.WebElementExtensions] [INFO] [Click] -The web element is clicked
22-Feb-2021-06:44:29 [AngloAmerican.SDET.UITest.Common.Extensions.WebElementExtensions] [INFO] [Click] -The web element is clicked
22-Feb-2021-06:44:29 [AngloAmerican.SDET.UITest.Common.Extensions.WebElementExtensions] [INFO] [Click] -The web element is clicked
22-Feb-2021-06:49:12 [AngloAmerican.SDET.UITest.Common.Selenium.Drivers] [INFO] [LaunchChromeDriver] -Chrome browser version is: 88.0.4324.182
22-Feb-2021-06:49:12 [AngloAmerican.SDET.UITest.Common.Selenium.Drivers] [INFO] [LaunchChromeDriver] -Chrome driver version is: 88.0.4324.96 (68dba2d8a0b149a1d3afac56fa74648032bcf46b-refs/branch-heads/4324@{#1784})
22-Feb-2021-06:49:12 [AngloAmerican.SDET.UITest.Common.Config.ConfigSetUp] [INFO] [GetConfigData] -Config file read successfully
22-Feb-2021-06:49:12 [AngloAmerican.SDET.UITest.Common.Config.ConfigSetUp] [INFO] [get_Config] -JSON file parsed into CLR compliant object
22-Feb-2021-06:49:14 [AngloAmerican.SDET.UITest.Common.Extensions.WebElementExtensions] [INFO] [Click] -The web element is clicked
22-Feb-2021-06:49:14 [AngloAmerican.SDET.UITest.Common.Extensions.WebElementExtensions] [INFO] [Click] -The web element is clicked
22-Feb-2021-06:49:14 [AngloAmerican.SDET.UITest.Common.Extensions.WebElementExtensions] [INFO] [Click] -The web element is clicked
22-Feb-2021-06:49:15 [AngloAmerican.SDET.UITest.Common.Extensions.WebElementExtensions] [INFO] [Click] -The web element is clicked
22-Feb-2021-06:49:15 [AngloAmerican.SDET.UITest.Common.Extensions.JavaScriptExtensions] [INFO] [ScrollToBottom] -Screen scrolled to bottom
22-Feb-2021-06:49:15 [AngloAmerican.SDET.UITest.Common.Extensions.WebElementExtensions] [INFO] [Click] -The web element is clicked
22-Feb-2021-06:55:28 [AngloAmerican.SDET.UITest.Common.Selenium.Drivers] [INFO] [LaunchChromeDriver] -Chrome browser version is: 88.0.4324.182
22-Feb-2021-06:55:28 [AngloAmerican.SDET.UITest.Common.Selenium.Drivers] [INFO] [LaunchChromeDriver] -Chrome driver version is: 88.0.4324.96 (68dba2d8a0b149a1d3afac56fa74648032bcf46b-refs/branch-heads/4324@{#1784})
22-Feb-2021-06:55:28 [AngloAmerican.SDET.UITest.Common.Config.ConfigSetUp] [INFO] [GetConfigData] -Config file read successfully
22-Feb-2021-06:55:28 [AngloAmerican.SDET.UITest.Common.Config.ConfigSetUp] [INFO] [get_Config] -JSON file parsed into CLR compliant object
22-Feb-2021-06:55:30 [AngloAmerican.SDET.UITest.Common.Extensions.WebElementExtensions] [INFO] [Click] -The web element is clicked
22-Feb-2021-06:55:30 [AngloAmerican.SDET.UITest.Common.Extensions.WebElementExtensions] [INFO] [Click] -The web element is clicked
22-Feb-2021-06:55:31 [AngloAmerican.SDET.UITest.Common.Extensions.WebElementExtensions] [INFO] [Click] -The web element is clicked
22-Feb-2021-06:55:31 [AngloAmerican.SDET.UITest.Common.Extensions.WebElementExtensions] [INFO] [Click] -The web element is clicked
22-Feb-2021-06:55:31 [AngloAmerican.SDET.UITest.Common.Extensions.JavaScriptExtensions] [INFO] [ScrollToBottom] -Screen scrolled to bottom
22-Feb-2021-06:55:32 [AngloAmerican.SDET.UITest.Common.Extensions.WebElementExtensions] [INFO] [Click] -The web element is clicked
22-Feb-2021-06:57:32 [AngloAmerican.SDET.UITest.Common.Selenium.Drivers] [INFO] [LaunchChromeDriver] -Chrome browser version is: 88.0.4324.182
22-Feb-2021-06:57:32 [AngloAmerican.SDET.UITest.Common.Selenium.Drivers] [INFO] [LaunchChromeDriver] -Chrome driver version is: 88.0.4324.96 (68dba2d8a0b149a1d3afac56fa74648032bcf46b-refs/branch-heads/4324@{#1784})
22-Feb-2021-06:57:32 [AngloAmerican.SDET.UITest.Common.Config.ConfigSetUp] [INFO] [GetConfigData] -Config file read successfully
22-Feb-2021-06:57:32 [AngloAmerican.SDET.UITest.Common.Config.ConfigSetUp] [INFO] [get_Config] -JSON file parsed into CLR compliant object
22-Feb-2021-06:57:36 [AngloAmerican.SDET.UITest.Common.Extensions.WebElementExtensions] [INFO] [Click] -The web element is clicked
22-Feb-2021-06:57:36 [AngloAmerican.SDET.UITest.Common.Extensions.WebElementExtensions] [INFO] [Click] -The web element is clicked
22-Feb-2021-06:57:39 [AngloAmerican.SDET.UITest.Common.Extensions.WebElementExtensions] [INFO] [Click] -The web element is clicked
22-Feb-2021-06:57:39 [AngloAmerican.SDET.UITest.Common.Extensions.WebElementExtensions] [INFO] [Click] -The web element is clicked
22-Feb-2021-06:57:39 [AngloAmerican.SDET.UITest.Common.Extensions.JavaScriptExtensions] [INFO] [ScrollToBottom] -Screen scrolled to bottom
22-Feb-2021-06:57:41 [AngloAmerican.SDET.UITest.Common.Extensions.WebElementExtensions] [INFO] [Click] -The web element is clicked
22-Feb-2021-06:58:27 [AngloAmerican.SDET.UITest.Common.Selenium.Drivers] [INFO] [LaunchChromeDriver] -Chrome browser version is: 88.0.4324.182
22-Feb-2021-06:58:27 [AngloAmerican.SDET.UITest.Common.Selenium.Drivers] [INFO] [LaunchChromeDriver] -Chrome driver version is: 88.0.4324.96 (68dba2d8a0b149a1d3afac56fa74648032bcf46b-refs/branch-heads/4324@{#1784})
22-Feb-2021-06:58:27 [AngloAmerican.SDET.UITest.Common.Config.ConfigSetUp] [INFO] [GetConfigData] -Config file read successfully
22-Feb-2021-06:58:27 [AngloAmerican.SDET.UITest.Common.Config.ConfigSetUp] [INFO] [get_Config] -JSON file parsed into CLR compliant object
22-Feb-2021-06:58:40 [AngloAmerican.SDET.UITest.Common.Extensions.WebElementExtensions] [INFO] [Click] -The web element is clicked
22-Feb-2021-06:58:41 [AngloAmerican.SDET.UITest.Common.Extensions.WebElementExtensions] [INFO] [Click] -The web element is clicked
22-Feb-2021-06:58:47 [AngloAmerican.SDET.UITest.Common.Extensions.WebElementExtensions] [INFO] [Click] -The web element is clicked
22-Feb-2021-06:58:47 [AngloAmerican.SDET.UITest.Common.Extensions.WebElementExtensions] [INFO] [Click] -The web element is clicked
22-Feb-2021-06:58:47 [AngloAmerican.SDET.UITest.Common.Extensions.JavaScriptExtensions] [INFO] [ScrollToBottom] -Screen scrolled to bottom
22-Feb-2021-06:58:51 [AngloAmerican.SDET.UITest.Common.Extensions.WebElementExtensions] [INFO] [Click] -The web element is clicked
22-Feb-2021-06:59:08 [AngloAmerican.SDET.UITest.Common.Hooks.SpecFlowHooks] [INFO] [AfterTestRunTearDown] -Test run complete. WebDriver closed and resources disposed
22-Feb-2021-06:59:44 [AngloAmerican.SDET.UITest.Common.Selenium.Drivers] [INFO] [LaunchChromeDriver] -Chrome browser version is: 88.0.4324.182
22-Feb-2021-06:59:44 [AngloAmerican.SDET.UITest.Common.Selenium.Drivers] [INFO] [LaunchChromeDriver] -Chrome driver version is: 88.0.4324.96 (68dba2d8a0b149a1d3afac56fa74648032bcf46b-refs/branch-heads/4324@{#1784})
22-Feb-2021-06:59:44 [AngloAmerican.SDET.UITest.Common.Config.ConfigSetUp] [INFO] [GetConfigData] -Config file read successfully
22-Feb-2021-06:59:44 [AngloAmerican.SDET.UITest.Common.Config.ConfigSetUp] [INFO] [get_Config] -JSON file parsed into CLR compliant object
22-Feb-2021-06:59:46 [AngloAmerican.SDET.UITest.Common.Extensions.WebElementExtensions] [INFO] [Click] -The web element is clicked
22-Feb-2021-06:59:46 [AngloAmerican.SDET.UITest.Common.Extensions.WebElementExtensions] [INFO] [Click] -The web element is clicked
22-Feb-2021-06:59:47 [AngloAmerican.SDET.UITest.Common.Extensions.WebElementExtensions] [INFO] [Click] -The web element is clicked
22-Feb-2021-06:59:47 [AngloAmerican.SDET.UITest.Common.Extensions.WebElementExtensions] [INFO] [Click] -The web element is clicked
22-Feb-2021-06:59:47 [AngloAmerican.SDET.UITest.Common.Extensions.JavaScriptExtensions] [INFO] [ScrollToBottom] -Screen scrolled to bottom
22-Feb-2021-06:59:47 [AngloAmerican.SDET.UITest.Common.Extensions.WebElementExtensions] [INFO] [Click] -The web element is clicked
22-Feb-2021-07:04:01 [AngloAmerican.SDET.UITest.Common.Selenium.Drivers] [INFO] [LaunchChromeDriver] -Chrome browser version is: 88.0.4324.182
22-Feb-2021-07:04:01 [AngloAmerican.SDET.UITest.Common.Selenium.Drivers] [INFO] [LaunchChromeDriver] -Chrome driver version is: 88.0.4324.96 (68dba2d8a0b149a1d3afac56fa74648032bcf46b-refs/branch-heads/4324@{#1784})
22-Feb-2021-07:04:01 [AngloAmerican.SDET.UITest.Common.Config.ConfigSetUp] [INFO] [GetConfigData] -Config file read successfully
22-Feb-2021-07:04:01 [AngloAmerican.SDET.UITest.Common.Config.ConfigSetUp] [INFO] [get_Config] -JSON file parsed into CLR compliant object
22-Feb-2021-07:04:04 [AngloAmerican.SDET.UITest.Common.Extensions.WebElementExtensions] [INFO] [Click] -The web element is clicked
22-Feb-2021-07:04:04 [AngloAmerican.SDET.UITest.Common.Extensions.WebElementExtensions] [INFO] [Click] -The web element is clicked
22-Feb-2021-07:04:05 [AngloAmerican.SDET.UITest.Common.Extensions.WebElementExtensions] [INFO] [Click] -The web element is clicked
22-Feb-2021-07:04:05 [AngloAmerican.SDET.UITest.Common.Extensions.WebElementExtensions] [INFO] [Click] -The web element is clicked
22-Feb-2021-07:04:05 [AngloAmerican.SDET.UITest.Common.Extensions.JavaScriptExtensions] [INFO] [ScrollToBottom] -Screen scrolled to bottom
22-Feb-2021-07:04:05 [AngloAmerican.SDET.UITest.Common.Extensions.WebElementExtensions] [INFO] [Click] -The web element is clicked
22-Feb-2021-07:08:31 [AngloAmerican.SDET.UITest.Common.Selenium.Drivers] [INFO] [LaunchChromeDriver] -Chrome browser version is: 88.0.4324.182
22-Feb-2021-07:08:31 [AngloAmerican.SDET.UITest.Common.Selenium.Drivers] [INFO] [LaunchChromeDriver] -Chrome driver version is: 88.0.4324.96 (68dba2d8a0b149a1d3afac56fa74648032bcf46b-refs/branch-heads/4324@{#1784})
22-Feb-2021-07:08:31 [AngloAmerican.SDET.UITest.Common.Config.ConfigSetUp] [INFO] [GetConfigData] -Config file read successfully
22-Feb-2021-07:08:31 [AngloAmerican.SDET.UITest.Common.Config.ConfigSetUp] [INFO] [get_Config] -JSON file parsed into CLR compliant object
22-Feb-2021-07:08:33 [AngloAmerican.SDET.UITest.Common.Extensions.WebElementExtensions] [INFO] [Click] -The web element is clicked
22-Feb-2021-07:08:33 [AngloAmerican.SDET.UITest.Common.Extensions.WebElementExtensions] [INFO] [Click] -The web element is clicked
22-Feb-2021-07:08:33 [AngloAmerican.SDET.UITest.Common.Extensions.WebElementExtensions] [INFO] [Click] -The web element is clicked
22-Feb-2021-07:08:34 [AngloAmerican.SDET.UITest.Common.Extensions.WebElementExtensions] [INFO] [Click] -The web element is clicked
22-Feb-2021-07:08:34 [AngloAmerican.SDET.UITest.Common.Extensions.JavaScriptExtensions] [INFO] [ScrollToBottom] -Screen scrolled to bottom
22-Feb-2021-07:08:34 [AngloAmerican.SDET.UITest.Common.Extensions.WebElementExtensions] [INFO] [Click] -The web element is clicked
22-Feb-2021-07:10:17 [AngloAmerican.SDET.UITest.Common.Selenium.Drivers] [INFO] [LaunchChromeDriver] -Chrome browser version is: 88.0.4324.182
22-Feb-2021-07:10:17 [AngloAmerican.SDET.UITest.Common.Selenium.Drivers] [INFO] [LaunchChromeDriver] -Chrome driver version is: 88.0.4324.96 (68dba2d8a0b149a1d3afac56fa74648032bcf46b-refs/branch-heads/4324@{#1784})
22-Feb-2021-07:10:17 [AngloAmerican.SDET.UITest.Common.Config.ConfigSetUp] [INFO] [GetConfigData] -Config file read successfully
22-Feb-2021-07:10:17 [AngloAmerican.SDET.UITest.Common.Config.ConfigSetUp] [INFO] [get_Config] -JSON file parsed into CLR compliant object
22-Feb-2021-07:10:19 [AngloAmerican.SDET.UITest.Common.Extensions.WebElementExtensions] [INFO] [Click] -The web element is clicked
22-Feb-2021-07:10:19 [AngloAmerican.SDET.UITest.Common.Extensions.WebElementExtensions] [INFO] [Click] -The web element is clicked
22-Feb-2021-07:10:19 [AngloAmerican.SDET.UITest.Common.Extensions.WebElementExtensions] [INFO] [Click] -The web element is clicked
22-Feb-2021-07:10:19 [AngloAmerican.SDET.UITest.Common.Extensions.WebElementExtensions] [INFO] [Click] -The web element is clicked
22-Feb-2021-07:10:19 [AngloAmerican.SDET.UITest.Common.Extensions.JavaScriptExtensions] [INFO] [ScrollToBottom] -Screen scrolled to bottom
22-Feb-2021-07:10:19 [AngloAmerican.SDET.UITest.Common.Extensions.WebElementExtensions] [INFO] [Click] -The web element is clicked
22-Feb-2021-07:12:42 [AngloAmerican.SDET.UITest.Common.Selenium.Drivers] [INFO] [LaunchChromeDriver] -Chrome browser version is: 88.0.4324.182
22-Feb-2021-07:12:42 [AngloAmerican.SDET.UITest.Common.Selenium.Drivers] [INFO] [LaunchChromeDriver] -Chrome driver version is: 88.0.4324.96 (68dba2d8a0b149a1d3afac56fa74648032bcf46b-refs/branch-heads/4324@{#1784})
22-Feb-2021-07:12:42 [AngloAmerican.SDET.UITest.Common.Config.ConfigSetUp] [INFO] [GetConfigData] -Config file read successfully
22-Feb-2021-07:12:42 [AngloAmerican.SDET.UITest.Common.Config.ConfigSetUp] [INFO] [get_Config] -JSON file parsed into CLR compliant object
22-Feb-2021-07:12:44 [AngloAmerican.SDET.UITest.Common.Extensions.WebElementExtensions] [INFO] [Click] -The web element is clicked
22-Feb-2021-07:12:44 [AngloAmerican.SDET.UITest.Common.Extensions.WebElementExtensions] [INFO] [Click] -The web element is clicked
22-Feb-2021-07:12:44 [AngloAmerican.SDET.UITest.Common.Extensions.WebElementExtensions] [INFO] [Click] -The web element is clicked
22-Feb-2021-07:12:45 [AngloAmerican.SDET.UITest.Common.Extensions.WebElementExtensions] [INFO] [Click] -The web element is clicked
22-Feb-2021-07:12:45 [AngloAmerican.SDET.UITest.Common.Extensions.JavaScriptExtensions] [INFO] [ScrollToBottom] -Screen scrolled to bottom
22-Feb-2021-07:12:45 [AngloAmerican.SDET.UITest.Common.Extensions.WebElementExtensions] [INFO] [Click] -The web element is clicked
22-Feb-2021-07:13:57 [AngloAmerican.SDET.UITest.Common.Selenium.Drivers] [INFO] [LaunchChromeDriver] -Chrome browser version is: 88.0.4324.182
22-Feb-2021-07:13:57 [AngloAmerican.SDET.UITest.Common.Selenium.Drivers] [INFO] [LaunchChromeDriver] -Chrome driver version is: 88.0.4324.96 (68dba2d8a0b149a1d3afac56fa74648032bcf46b-refs/branch-heads/4324@{#1784})
22-Feb-2021-07:13:57 [AngloAmerican.SDET.UITest.Common.Config.ConfigSetUp] [INFO] [GetConfigData] -Config file read successfully
22-Feb-2021-07:13:57 [AngloAmerican.SDET.UITest.Common.Config.ConfigSetUp] [INFO] [get_Config] -JSON file parsed into CLR compliant object
22-Feb-2021-07:13:59 [AngloAmerican.SDET.UITest.Common.Extensions.WebElementExtensions] [INFO] [Click] -The web element is clicked
22-Feb-2021-07:13:59 [AngloAmerican.SDET.UITest.Common.Extensions.WebElementExtensions] [INFO] [Click] -The web element is clicked
22-Feb-2021-07:13:59 [AngloAmerican.SDET.UITest.Common.Extensions.WebElementExtensions] [INFO] [Click] -The web element is clicked
22-Feb-2021-07:13:59 [AngloAmerican.SDET.UITest.Common.Extensions.WebElementExtensions] [INFO] [Click] -The web element is clicked
22-Feb-2021-07:13:59 [AngloAmerican.SDET.UITest.Common.Extensions.JavaScriptExtensions] [INFO] [ScrollToBottom] -Screen scrolled to bottom
22-Feb-2021-07:14:00 [AngloAmerican.SDET.UITest.Common.Extensions.WebElementExtensions] [INFO] [Click] -The web element is clicked
22-Feb-2021-07:15:23 [AngloAmerican.SDET.UITest.Common.Selenium.Drivers] [INFO] [LaunchChromeDriver] -Chrome browser version is: 88.0.4324.182
22-Feb-2021-07:15:23 [AngloAmerican.SDET.UITest.Common.Selenium.Drivers] [INFO] [LaunchChromeDriver] -Chrome driver version is: 88.0.4324.96 (68dba2d8a0b149a1d3afac56fa74648032bcf46b-refs/branch-heads/4324@{#1784})
22-Feb-2021-07:15:23 [AngloAmerican.SDET.UITest.Common.Config.ConfigSetUp] [INFO] [GetConfigData] -Config file read successfully
22-Feb-2021-07:15:23 [AngloAmerican.SDET.UITest.Common.Config.ConfigSetUp] [INFO] [get_Config] -JSON file parsed into CLR compliant object
22-Feb-2021-07:15:26 [AngloAmerican.SDET.UITest.Common.Extensions.WebElementExtensions] [INFO] [Click] -The web element is clicked
22-Feb-2021-07:15:26 [AngloAmerican.SDET.UITest.Common.Extensions.WebElementExtensions] [INFO] [Click] -The web element is clicked
22-Feb-2021-07:15:26 [AngloAmerican.SDET.UITest.Common.Extensions.WebElementExtensions] [INFO] [Click] -The web element is clicked
22-Feb-2021-07:15:26 [AngloAmerican.SDET.UITest.Common.Extensions.WebElementExtensions] [INFO] [Click] -The web element is clicked
22-Feb-2021-07:15:26 [AngloAmerican.SDET.UITest.Common.Extensions.JavaScriptExtensions] [INFO] [ScrollToBottom] -Screen scrolled to bottom
22-Feb-2021-07:15:27 [AngloAmerican.SDET.UITest.Common.Extensions.WebElementExtensions] [INFO] [Click] -The web element is clicked
22-Feb-2021-07:18:59 [AngloAmerican.SDET.UITest.Common.Selenium.Drivers] [INFO] [LaunchChromeDriver] -Chrome browser version is: 88.0.4324.182
22-Feb-2021-07:18:59 [AngloAmerican.SDET.UITest.Common.Selenium.Drivers] [INFO] [LaunchChromeDriver] -Chrome driver version is: 88.0.4324.96 (68dba2d8a0b149a1d3afac56fa74648032bcf46b-refs/branch-heads/4324@{#1784})
22-Feb-2021-07:18:59 [AngloAmerican.SDET.UITest.Common.Config.ConfigSetUp] [INFO] [GetConfigData] -Config file read successfully
22-Feb-2021-07:18:59 [AngloAmerican.SDET.UITest.Common.Config.ConfigSetUp] [INFO] [get_Config] -JSON file parsed into CLR compliant object
22-Feb-2021-07:19:02 [AngloAmerican.SDET.UITest.Common.Extensions.WebElementExtensions] [INFO] [Click] -The web element is clicked
22-Feb-2021-07:19:02 [AngloAmerican.SDET.UITest.Common.Extensions.WebElementExtensions] [INFO] [Click] -The web element is clicked
22-Feb-2021-07:19:03 [AngloAmerican.SDET.UITest.Common.Extensions.WebElementExtensions] [INFO] [Click] -The web element is clicked
22-Feb-2021-07:19:03 [AngloAmerican.SDET.UITest.Common.Extensions.WebElementExtensions] [INFO] [Click] -The web element is clicked
22-Feb-2021-07:19:03 [AngloAmerican.SDET.UITest.Common.Extensions.JavaScriptExtensions] [INFO] [ScrollToBottom] -Screen scrolled to bottom
22-Feb-2021-07:19:06 [AngloAmerican.SDET.UITest.Common.Extensions.WebElementExtensions] [INFO] [Click] -The web element is clicked
22-Feb-2021-07:20:35 [AngloAmerican.SDET.UITest.Common.Hooks.SpecFlowHooks] [INFO] [AfterTestRunTearDown] -Test run complete. WebDriver closed and resources disposed
22-Feb-2021-07:24:34 [AngloAmerican.SDET.UITest.Common.Selenium.Drivers] [INFO] [LaunchChromeDriver] -Chrome browser version is: 88.0.4324.182
22-Feb-2021-07:24:34 [AngloAmerican.SDET.UITest.Common.Selenium.Drivers] [INFO] [LaunchChromeDriver] -Chrome driver version is: 88.0.4324.96 (68dba2d8a0b149a1d3afac56fa74648032bcf46b-refs/branch-heads/4324@{#1784})
22-Feb-2021-07:24:34 [AngloAmerican.SDET.UITest.Common.Config.ConfigSetUp] [INFO] [GetConfigData] -Config file read successfully
22-Feb-2021-07:24:34 [AngloAmerican.SDET.UITest.Common.Config.ConfigSetUp] [INFO] [get_Config] -JSON file parsed into CLR compliant object
22-Feb-2021-07:24:44 [AngloAmerican.SDET.UITest.Common.Extensions.JavaScriptExtensions] [INFO] [ScrollToBottom] -Screen scrolled to bottom
22-Feb-2021-07:24:48 [AngloAmerican.SDET.UITest.Common.Extensions.WebElementExtensions] [INFO] [Click] -The web element is clicked
22-Feb-2021-07:24:54 [AngloAmerican.SDET.UITest.Common.Extensions.WebElementExtensions] [INFO] [Click] -The web element is clicked
22-Feb-2021-07:24:57 [AngloAmerican.SDET.UITest.Common.Extensions.WebElementExtensions] [INFO] [Click] -The web element is clicked
22-Feb-2021-07:25:01 [AngloAmerican.SDET.UITest.Common.Extensions.WebDriverExtensions+<>c__DisplayClass8_0] [INFO] [<IsWebElementEnabled>b__0] -Web Element is enabled
22-Feb-2021-07:25:06 [AngloAmerican.SDET.UITest.Common.Extensions.WebElementExtensions] [INFO] [SelectDropDownOptionByIndex] -Value is selected from the dropdown list
22-Feb-2021-07:25:10 [AngloAmerican.SDET.UITest.Common.Extensions.WebElementExtensions] [INFO] [Click] -The web element is clicked
22-Feb-2021-07:25:10 [AngloAmerican.SDET.UITest.Common.Extensions.JavaScriptExtensions] [INFO] [ScrollToTop] -Screen scrolled to top
22-Feb-2021-07:25:14 [AngloAmerican.SDET.UITest.Common.Extensions.WebElementExtensions] [INFO] [Click] -The web element is clicked
22-Feb-2021-07:25:14 [AngloAmerican.SDET.UITest.Common.Extensions.JavaScriptExtensions] [INFO] [ScrollToBottom] -Screen scrolled to bottom
22-Feb-2021-07:25:25 [AngloAmerican.SDET.UITest.Common.Extensions.WebElementExtensions] [INFO] [Click] -The web element is clicked
22-Feb-2021-07:25:25 [AngloAmerican.SDET.UITest.Common.Extensions.WebElementExtensions] [INFO] [Click] -The web element is clicked
22-Feb-2021-07:25:27 [AngloAmerican.SDET.UITest.Common.Extensions.WebElementExtensions] [INFO] [Click] -The web element is clicked
22-Feb-2021-07:25:27 [AngloAmerican.SDET.UITest.Common.Extensions.WebDriverExtensions+<>c__DisplayClass8_0] [INFO] [<IsWebElementEnabled>b__0] -Web Element is enabled
22-Feb-2021-07:25:27 [AngloAmerican.SDET.UITest.Common.Extensions.WebElementExtensions] [INFO] [SendKeys] -Value sent to the input box 
22-Feb-2021-07:25:27 [AngloAmerican.SDET.UITest.Common.Extensions.WebDriverExtensions+<>c__DisplayClass8_0] [INFO] [<IsWebElementEnabled>b__0] -Web Element is enabled
22-Feb-2021-07:25:27 [AngloAmerican.SDET.UITest.Common.Extensions.WebElementExtensions] [INFO] [SendKeys] -Value sent to the input box 
22-Feb-2021-07:25:27 [AngloAmerican.SDET.UITest.Common.Extensions.WebDriverExtensions+<>c__DisplayClass8_0] [INFO] [<IsWebElementEnabled>b__0] -Web Element is enabled
22-Feb-2021-07:25:27 [AngloAmerican.SDET.UITest.Common.Extensions.WebElementExtensions] [INFO] [SendKeys] -Value sent to the input box 
22-Feb-2021-07:25:27 [AngloAmerican.SDET.UITest.Common.Extensions.WebDriverExtensions+<>c__DisplayClass8_0] [INFO] [<IsWebElementEnabled>b__0] -Web Element is enabled
22-Feb-2021-07:25:27 [AngloAmerican.SDET.UITest.Common.Extensions.WebElementExtensions] [INFO] [SendKeys] -Value sent to the input box 
22-Feb-2021-07:25:27 [AngloAmerican.SDET.UITest.Common.Extensions.WebDriverExtensions+<>c__DisplayClass8_0] [INFO] [<IsWebElementEnabled>b__0] -Web Element is enabled
22-Feb-2021-07:25:28 [AngloAmerican.SDET.UITest.Common.Extensions.WebElementExtensions] [INFO] [SendKeys] -Value sent to the input box 
22-Feb-2021-07:25:28 [AngloAmerican.SDET.UITest.Common.Extensions.WebDriverExtensions+<>c__DisplayClass8_0] [INFO] [<IsWebElementEnabled>b__0] -Web Element is enabled
22-Feb-2021-07:25:28 [AngloAmerican.SDET.UITest.Common.Extensions.WebElementExtensions] [INFO] [SendKeys] -Value sent to the input box 
22-Feb-2021-07:25:28 [AngloAmerican.SDET.UITest.Common.Extensions.WebDriverExtensions+<>c__DisplayClass8_0] [INFO] [<IsWebElementEnabled>b__0] -Web Element is enabled
22-Feb-2021-07:25:28 [AngloAmerican.SDET.UITest.Common.Extensions.WebElementExtensions] [INFO] [SelectDropDownOptionByText] -Value is selected from the dropdown list
22-Feb-2021-07:25:28 [AngloAmerican.SDET.UITest.Common.Extensions.WebDriverExtensions+<>c__DisplayClass8_0] [INFO] [<IsWebElementEnabled>b__0] -Web Element is enabled
22-Feb-2021-07:25:28 [AngloAmerican.SDET.UITest.Common.Extensions.WebElementExtensions] [INFO] [SendKeys] -Value sent to the input box 
22-Feb-2021-07:25:28 [AngloAmerican.SDET.UITest.Common.Extensions.WebDriverExtensions+<>c__DisplayClass8_0] [INFO] [<IsWebElementEnabled>b__0] -Web Element is enabled
22-Feb-2021-07:25:30 [AngloAmerican.SDET.UITest.Common.Extensions.WebElementExtensions] [ERROR] [SelectDropDownOptionByText] -Error occured in selecting value from dropdown list:    at OpenQA.Selenium.Support.UI.SelectElement.SelectByText(String text, Boolean partialMatch)
   at AngloAmerican.SDET.UITest.Common.Extensions.WebElementExtensions.SelectDropDownOptionByText(IWebElement element, String valueToSelect, Int32 waitTime) in C:\Users\Santosh Kumar\Source\Workspace\AutomationTests\AngloAmerican.SDET.UITest.Common\AngloAmerican.SDET.UITest.Common\Extensions\WebElementExtensions.cs:line 51
22-Feb-2021-07:25:31 [AngloAmerican.SDET.UITest.Common.Extensions.WebElementExtensions] [INFO] [Click] -The web element is clicked
22-Feb-2021-07:25:31 [AngloAmerican.SDET.UITest.Common.Extensions.WebElementExtensions] [INFO] [Click] -The web element is clicked
22-Feb-2021-07:25:36 [AngloAmerican.SDET.UITest.Common.Selenium.Drivers] [INFO] [LaunchChromeDriver] -Chrome browser version is: 88.0.4324.182
22-Feb-2021-07:25:36 [AngloAmerican.SDET.UITest.Common.Selenium.Drivers] [INFO] [LaunchChromeDriver] -Chrome driver version is: 88.0.4324.96 (68dba2d8a0b149a1d3afac56fa74648032bcf46b-refs/branch-heads/4324@{#1784})
22-Feb-2021-07:25:36 [AngloAmerican.SDET.UITest.Common.Config.ConfigSetUp] [INFO] [GetConfigData] -Config file read successfully
22-Feb-2021-07:25:36 [AngloAmerican.SDET.UITest.Common.Config.ConfigSetUp] [INFO] [get_Config] -JSON file parsed into CLR compliant object
22-Feb-2021-07:25:54 [AngloAmerican.SDET.UITest.Common.Extensions.WebElementExtensions] [INFO] [Click] -The web element is clicked
22-Feb-2021-07:25:54 [AngloAmerican.SDET.UITest.Common.Extensions.WebElementExtensions] [INFO] [Click] -The web element is clicked
22-Feb-2021-07:25:54 [AngloAmerican.SDET.UITest.Common.Extensions.WebElementExtensions] [INFO] [Click] -The web element is clicked
22-Feb-2021-07:25:54 [AngloAmerican.SDET.UITest.Common.Extensions.WebDriverExtensions+<>c__DisplayClass8_0] [INFO] [<IsWebElementEnabled>b__0] -Web Element is enabled
22-Feb-2021-07:25:54 [AngloAmerican.SDET.UITest.Common.Extensions.WebElementExtensions] [INFO] [SendKeys] -Value sent to the input box 
22-Feb-2021-07:25:54 [AngloAmerican.SDET.UITest.Common.Extensions.WebDriverExtensions+<>c__DisplayClass8_0] [INFO] [<IsWebElementEnabled>b__0] -Web Element is enabled
22-Feb-2021-07:25:54 [AngloAmerican.SDET.UITest.Common.Extensions.WebElementExtensions] [INFO] [SendKeys] -Value sent to the input box 
22-Feb-2021-07:25:54 [AngloAmerican.SDET.UITest.Common.Extensions.WebDriverExtensions+<>c__DisplayClass8_0] [INFO] [<IsWebElementEnabled>b__0] -Web Element is enabled
22-Feb-2021-07:25:54 [AngloAmerican.SDET.UITest.Common.Extensions.WebElementExtensions] [INFO] [SendKeys] -Value sent to the input box 
22-Feb-2021-07:25:54 [AngloAmerican.SDET.UITest.Common.Extensions.WebDriverExtensions+<>c__DisplayClass8_0] [INFO] [<IsWebElementEnabled>b__0] -Web Element is enabled
22-Feb-2021-07:25:54 [AngloAmerican.SDET.UITest.Common.Extensions.WebElementExtensions] [INFO] [SendKeys] -Value sent to the input box 
22-Feb-2021-07:25:54 [AngloAmerican.SDET.UITest.Common.Extensions.WebDriverExtensions+<>c__DisplayClass8_0] [INFO] [<IsWebElementEnabled>b__0] -Web Element is enabled
22-Feb-2021-07:25:55 [AngloAmerican.SDET.UITest.Common.Extensions.WebElementExtensions] [INFO] [SendKeys] -Value sent to the input box 
22-Feb-2021-07:25:55 [AngloAmerican.SDET.UITest.Common.Extensions.WebDriverExtensions+<>c__DisplayClass8_0] [INFO] [<IsWebElementEnabled>b__0] -Web Element is enabled
22-Feb-2021-07:25:55 [AngloAmerican.SDET.UITest.Common.Extensions.WebElementExtensions] [INFO] [SendKeys] -Value sent to the input box 
22-Feb-2021-07:25:55 [AngloAmerican.SDET.UITest.Common.Extensions.WebDriverExtensions+<>c__DisplayClass8_0] [INFO] [<IsWebElementEnabled>b__0] -Web Element is enabled
22-Feb-2021-07:25:55 [AngloAmerican.SDET.UITest.Common.Extensions.WebElementExtensions] [INFO] [SelectDropDownOptionByText] -Value is selected from the dropdown list
22-Feb-2021-07:25:55 [AngloAmerican.SDET.UITest.Common.Extensions.WebDriverExtensions+<>c__DisplayClass8_0] [INFO] [<IsWebElementEnabled>b__0] -Web Element is enabled
22-Feb-2021-07:25:55 [AngloAmerican.SDET.UITest.Common.Extensions.WebElementExtensions] [INFO] [SendKeys] -Value sent to the input box 
22-Feb-2021-07:25:55 [AngloAmerican.SDET.UITest.Common.Extensions.WebDriverExtensions+<>c__DisplayClass8_0] [INFO] [<IsWebElementEnabled>b__0] -Web Element is enabled
22-Feb-2021-07:25:57 [AngloAmerican.SDET.UITest.Common.Extensions.WebElementExtensions] [ERROR] [SelectDropDownOptionByText] -Error occured in selecting value from dropdown list:    at OpenQA.Selenium.Support.UI.SelectElement.SelectByText(String text, Boolean partialMatch)
   at AngloAmerican.SDET.UITest.Common.Extensions.WebElementExtensions.SelectDropDownOptionByText(IWebElement element, String valueToSelect, Int32 waitTime) in C:\Users\Santosh Kumar\Source\Workspace\AutomationTests\AngloAmerican.SDET.UITest.Common\AngloAmerican.SDET.UITest.Common\Extensions\WebElementExtensions.cs:line 51
22-Feb-2021-07:25:57 [AngloAmerican.SDET.UITest.Common.Extensions.WebDriverExtensions+<>c__DisplayClass8_0] [INFO] [<IsWebElementEnabled>b__0] -Web Element is enabled
22-Feb-2021-07:25:57 [AngloAmerican.SDET.UITest.Common.Extensions.WebElementExtensions] [INFO] [SendKeys] -Value sent to the input box 
22-Feb-2021-07:25:57 [AngloAmerican.SDET.UITest.Common.Config.ConfigSetUp] [INFO] [GetConfigData] -Config file read successfully
22-Feb-2021-07:25:57 [AngloAmerican.SDET.UITest.Common.Config.ConfigSetUp] [INFO] [get_Config] -JSON file parsed into CLR compliant object
22-Feb-2021-07:25:57 [AngloAmerican.SDET.UITest.Common.Extensions.WebDriverExtensions+<>c__DisplayClass8_0] [INFO] [<IsWebElementEnabled>b__0] -Web Element is enabled
22-Feb-2021-07:25:57 [AngloAmerican.SDET.UITest.Common.Extensions.WebElementExtensions] [INFO] [SendKeys] -Value sent to the input box 
22-Feb-2021-07:25:57 [AngloAmerican.SDET.UITest.Common.Config.ConfigSetUp] [INFO] [GetConfigData] -Config file read successfully
22-Feb-2021-07:25:57 [AngloAmerican.SDET.UITest.Common.Config.ConfigSetUp] [INFO] [get_Config] -JSON file parsed into CLR compliant object
22-Feb-2021-07:25:57 [AngloAmerican.SDET.UITest.Common.Extensions.WebDriverExtensions+<>c__DisplayClass8_0] [INFO] [<IsWebElementEnabled>b__0] -Web Element is enabled
22-Feb-2021-07:25:57 [AngloAmerican.SDET.UITest.Common.Extensions.WebElementExtensions] [INFO] [SendKeys] -Value sent to the input box 
22-Feb-2021-07:25:57 [AngloAmerican.SDET.UITest.Common.Extensions.WebElementExtensions] [INFO] [Click] -The web element is clicked
22-Feb-2021-07:26:03 [AngloAmerican.SDET.UITest.Common.Extensions.WebElementExtensions] [INFO] [Click] -The web element is clicked
22-Feb-2021-07:26:04 [AngloAmerican.SDET.UITest.Common.Config.ConfigSetUp] [INFO] [GetConfigData] -Config file read successfully
22-Feb-2021-07:26:04 [AngloAmerican.SDET.UITest.Common.Config.ConfigSetUp] [INFO] [get_Config] -JSON file parsed into CLR compliant object
22-Feb-2021-07:26:10 [AngloAmerican.SDET.UITest.Common.Extensions.JavaScriptExtensions] [INFO] [ScrollToBottom] -Screen scrolled to bottom
22-Feb-2021-07:26:17 [AngloAmerican.SDET.UITest.Common.Extensions.WebElementExtensions] [INFO] [Click] -The web element is clicked
22-Feb-2021-07:26:23 [AngloAmerican.SDET.UITest.Common.Extensions.WebElementExtensions] [INFO] [Click] -The web element is clicked
22-Feb-2021-07:26:24 [AngloAmerican.SDET.UITest.Common.Extensions.WebElementExtensions] [INFO] [Click] -The web element is clicked
22-Feb-2021-07:26:25 [AngloAmerican.SDET.UITest.Common.Extensions.WebDriverExtensions+<>c__DisplayClass8_0] [INFO] [<IsWebElementEnabled>b__0] -Web Element is enabled
22-Feb-2021-07:26:27 [AngloAmerican.SDET.UITest.Common.Extensions.WebElementExtensions] [INFO] [SelectDropDownOptionByIndex] -Value is selected from the dropdown list
22-Feb-2021-07:26:29 [AngloAmerican.SDET.UITest.Common.Extensions.WebElementExtensions] [INFO] [Click] -The web element is clicked
22-Feb-2021-07:26:29 [AngloAmerican.SDET.UITest.Common.Extensions.JavaScriptExtensions] [INFO] [ScrollToTop] -Screen scrolled to top
22-Feb-2021-07:26:36 [AngloAmerican.SDET.UITest.Common.Extensions.WebElementExtensions] [INFO] [Click] -The web element is clicked
22-Feb-2021-07:26:36 [AngloAmerican.SDET.UITest.Common.Extensions.JavaScriptExtensions] [INFO] [ScrollToBottom] -Screen scrolled to bottom
22-Feb-2021-07:26:47 [AngloAmerican.SDET.UITest.Common.Extensions.WebElementExtensions] [INFO] [Click] -The web element is clicked
22-Feb-2021-07:26:47 [AngloAmerican.SDET.UITest.Common.Extensions.WebElementExtensions] [INFO] [Click] -The web element is clicked
22-Feb-2021-07:26:52 [AngloAmerican.SDET.UITest.Common.Selenium.Drivers] [INFO] [LaunchChromeDriver] -Chrome browser version is: 88.0.4324.182
22-Feb-2021-07:26:52 [AngloAmerican.SDET.UITest.Common.Selenium.Drivers] [INFO] [LaunchChromeDriver] -Chrome driver version is: 88.0.4324.96 (68dba2d8a0b149a1d3afac56fa74648032bcf46b-refs/branch-heads/4324@{#1784})
22-Feb-2021-07:26:52 [AngloAmerican.SDET.UITest.Common.Config.ConfigSetUp] [INFO] [GetConfigData] -Config file read successfully
22-Feb-2021-07:26:52 [AngloAmerican.SDET.UITest.Common.Config.ConfigSetUp] [INFO] [get_Config] -JSON file parsed into CLR compliant object
22-Feb-2021-07:26:58 [AngloAmerican.SDET.UITest.Common.Extensions.WebElementExtensions] [INFO] [Click] -The web element is clicked
22-Feb-2021-07:26:58 [AngloAmerican.SDET.UITest.Common.Extensions.WebDriverExtensions+<>c__DisplayClass8_0] [INFO] [<IsWebElementEnabled>b__0] -Web Element is enabled
22-Feb-2021-07:26:58 [AngloAmerican.SDET.UITest.Common.Extensions.WebElementExtensions] [INFO] [SendKeys] -Value sent to the input box 
22-Feb-2021-07:26:58 [AngloAmerican.SDET.UITest.Common.Config.ConfigSetUp] [INFO] [GetConfigData] -Config file read successfully
22-Feb-2021-07:26:58 [AngloAmerican.SDET.UITest.Common.Config.ConfigSetUp] [INFO] [get_Config] -JSON file parsed into CLR compliant object
22-Feb-2021-07:26:58 [AngloAmerican.SDET.UITest.Common.Extensions.WebDriverExtensions+<>c__DisplayClass8_0] [INFO] [<IsWebElementEnabled>b__0] -Web Element is enabled
22-Feb-2021-07:26:58 [AngloAmerican.SDET.UITest.Common.Extensions.WebElementExtensions] [INFO] [SendKeys] -Value sent to the input box 
22-Feb-2021-07:26:59 [AngloAmerican.SDET.UITest.Common.Extensions.WebElementExtensions] [INFO] [Click] -The web element is clicked
22-Feb-2021-07:27:00 [AngloAmerican.SDET.UITest.Common.Extensions.WebElementExtensions] [INFO] [Click] -The web element is clicked
22-Feb-2021-07:27:00 [AngloAmerican.SDET.UITest.Common.Extensions.WebElementExtensions] [INFO] [Click] -The web element is clicked
22-Feb-2021-07:27:01 [AngloAmerican.SDET.UITest.Common.Extensions.WebElementExtensions] [INFO] [Click] -The web element is clicked
22-Feb-2021-07:27:01 [AngloAmerican.SDET.UITest.Common.Config.ConfigSetUp] [INFO] [GetConfigData] -Config file read successfully
22-Feb-2021-07:27:01 [AngloAmerican.SDET.UITest.Common.Config.ConfigSetUp] [INFO] [get_Config] -JSON file parsed into CLR compliant object
22-Feb-2021-07:27:01 [AngloAmerican.SDET.UITest.Common.Extensions.JavaScriptExtensions] [INFO] [ScrollToBottom] -Screen scrolled to bottom
22-Feb-2021-07:27:02 [AngloAmerican.SDET.UITest.Common.Extensions.WebElementExtensions] [INFO] [Click] -The web element is clicked
22-Feb-2021-07:27:07 [AngloAmerican.SDET.UITest.Common.Extensions.WebElementExtensions] [INFO] [Click] -The web element is clicked
22-Feb-2021-07:27:10 [AngloAmerican.SDET.UITest.Common.Extensions.WebElementExtensions] [INFO] [Click] -The web element is clicked
22-Feb-2021-07:27:11 [AngloAmerican.SDET.UITest.Common.Extensions.WebElementExtensions] [INFO] [Click] -The web element is clicked
22-Feb-2021-07:27:11 [AngloAmerican.SDET.UITest.Common.Extensions.JavaScriptExtensions] [INFO] [ScrollToTop] -Screen scrolled to top
22-Feb-2021-07:27:12 [AngloAmerican.SDET.UITest.Common.Extensions.WebElementExtensions] [INFO] [Click] -The web element is clicked
22-Feb-2021-07:27:12 [AngloAmerican.SDET.UITest.Common.Extensions.JavaScriptExtensions] [INFO] [ScrollToBottom] -Screen scrolled to bottom
22-Feb-2021-07:27:14 [AngloAmerican.SDET.UITest.Common.Extensions.WebElementExtensions] [INFO] [Click] -The web element is clicked
22-Feb-2021-07:27:14 [AngloAmerican.SDET.UITest.Common.Extensions.WebElementExtensions] [INFO] [Click] -The web element is clicked
22-Feb-2021-07:27:27 [AngloAmerican.SDET.UITest.Common.Selenium.Drivers] [INFO] [LaunchFireFoxDriver] -Firefox browser version is: 83.0
22-Feb-2021-07:27:27 [AngloAmerican.SDET.UITest.Common.Selenium.Drivers] [INFO] [LaunchFireFoxDriver] -Firefox driver version is: 0.27.0
22-Feb-2021-07:27:27 [AngloAmerican.SDET.UITest.Common.Config.ConfigSetUp] [INFO] [GetConfigData] -Config file read successfully
22-Feb-2021-07:27:27 [AngloAmerican.SDET.UITest.Common.Config.ConfigSetUp] [INFO] [get_Config] -JSON file parsed into CLR compliant object
22-Feb-2021-07:27:59 [AngloAmerican.SDET.UITest.Common.Extensions.WebElementExtensions] [INFO] [Click] -The web element is clicked
22-Feb-2021-07:27:59 [AngloAmerican.SDET.UITest.Common.Extensions.WebDriverExtensions+<>c__DisplayClass8_0] [INFO] [<IsWebElementEnabled>b__0] -Web Element is enabled
22-Feb-2021-07:28:07 [AngloAmerican.SDET.UITest.Common.Extensions.WebElementExtensions] [INFO] [SendKeys] -Value sent to the input box 
22-Feb-2021-07:28:07 [AngloAmerican.SDET.UITest.Common.Config.ConfigSetUp] [INFO] [GetConfigData] -Config file read successfully
22-Feb-2021-07:28:07 [AngloAmerican.SDET.UITest.Common.Config.ConfigSetUp] [INFO] [get_Config] -JSON file parsed into CLR compliant object
22-Feb-2021-07:28:07 [AngloAmerican.SDET.UITest.Common.Extensions.WebDriverExtensions+<>c__DisplayClass8_0] [INFO] [<IsWebElementEnabled>b__0] -Web Element is enabled
22-Feb-2021-07:28:15 [AngloAmerican.SDET.UITest.Common.Extensions.WebElementExtensions] [INFO] [SendKeys] -Value sent to the input box 
22-Feb-2021-07:28:31 [AngloAmerican.SDET.UITest.Common.Extensions.WebElementExtensions] [INFO] [Click] -The web element is clicked
22-Feb-2021-07:28:46 [AngloAmerican.SDET.UITest.Common.Extensions.WebElementExtensions] [INFO] [Click] -The web element is clicked
22-Feb-2021-07:29:04 [AngloAmerican.SDET.UITest.Common.Extensions.WebElementExtensions] [INFO] [Click] -The web element is clicked
22-Feb-2021-07:29:10 [AngloAmerican.SDET.UITest.Common.Helper.CaptureTestEvidence] [INFO] [TakeScreenShot] -Screenshot saved successfully
22-Feb-2021-07:30:18 [AngloAmerican.SDET.UITest.Common.Selenium.Drivers] [ERROR] [LaunchInternetExplorerDriver] -Error in launching Chrome driver:    at OpenQA.Selenium.Remote.HttpCommandExecutor.MakeHttpRequest(HttpRequestInfo requestInfo)
   at OpenQA.Selenium.Remote.HttpCommandExecutor.Execute(Command commandToExecute)
   at OpenQA.Selenium.Remote.DriverServiceCommandExecutor.Execute(Command commandToExecute)
   at OpenQA.Selenium.Remote.RemoteWebDriver.Execute(String driverCommandToExecute, Dictionary`2 parameters)
   at OpenQA.Selenium.Remote.RemoteWebDriver.StartSession(ICapabilities desiredCapabilities)
   at OpenQA.Selenium.Remote.RemoteWebDriver..ctor(ICommandExecutor commandExecutor, ICapabilities desiredCapabilities)
   at OpenQA.Selenium.IE.InternetExplorerDriver..ctor(InternetExplorerDriverService service, InternetExplorerOptions options, TimeSpan commandTimeout)
   at OpenQA.Selenium.IE.InternetExplorerDriver..ctor(InternetExplorerDriverService service, InternetExplorerOptions options)
   at AngloAmerican.SDET.UITest.Common.Selenium.Drivers.LaunchInternetExplorerDriver() in C:\Users\Santosh Kumar\Source\Workspace\AutomationTests\AngloAmerican.SDET.UITest.Common\AngloAmerican.SDET.UITest.Common\Selenium\Drivers.cs:line 60
22-Feb-2021-07:30:27 [AngloAmerican.SDET.UITest.Common.Selenium.Drivers] [INFO] [LaunchChromeDriver] -Chrome browser version is: 88.0.4324.182
22-Feb-2021-07:30:27 [AngloAmerican.SDET.UITest.Common.Selenium.Drivers] [INFO] [LaunchChromeDriver] -Chrome driver version is: 88.0.4324.96 (68dba2d8a0b149a1d3afac56fa74648032bcf46b-refs/branch-heads/4324@{#1784})
22-Feb-2021-07:30:27 [AngloAmerican.SDET.UITest.Common.Config.ConfigSetUp] [INFO] [GetConfigData] -Config file read successfully
22-Feb-2021-07:30:27 [AngloAmerican.SDET.UITest.Common.Config.ConfigSetUp] [INFO] [get_Config] -JSON file parsed into CLR compliant object
22-Feb-2021-07:30:29 [AngloAmerican.SDET.UITest.Common.Extensions.WebElementExtensions] [INFO] [Click] -The web element is clicked
22-Feb-2021-07:30:29 [AngloAmerican.SDET.UITest.Common.Extensions.JavaScriptExtensions] [INFO] [ScrollToBottom] -Screen scrolled to bottom
22-Feb-2021-07:30:29 [AngloAmerican.SDET.UITest.Common.Extensions.WebDriverExtensions+<>c__DisplayClass8_0] [INFO] [<IsWebElementEnabled>b__0] -Web Element is enabled
22-Feb-2021-07:30:29 [AngloAmerican.SDET.UITest.Common.Extensions.WebElementExtensions] [INFO] [SelectDropDownOptionByText] -Value is selected from the dropdown list
22-Feb-2021-07:30:29 [AngloAmerican.SDET.UITest.Common.Extensions.JavaScriptExtensions] [INFO] [ScrollToBottom] -Screen scrolled to bottom
22-Feb-2021-07:30:30 [AngloAmerican.SDET.UITest.Common.Helper.CaptureTestEvidence] [INFO] [TakeScreenShot] -Screenshot saved successfully
22-Feb-2021-07:30:43 [AngloAmerican.SDET.UITest.Common.Selenium.Drivers] [INFO] [LaunchFireFoxDriver] -Firefox browser version is: 83.0
22-Feb-2021-07:30:43 [AngloAmerican.SDET.UITest.Common.Selenium.Drivers] [INFO] [LaunchFireFoxDriver] -Firefox driver version is: 0.27.0
22-Feb-2021-07:30:43 [AngloAmerican.SDET.UITest.Common.Config.ConfigSetUp] [INFO] [GetConfigData] -Config file read successfully
22-Feb-2021-07:30:43 [AngloAmerican.SDET.UITest.Common.Config.ConfigSetUp] [INFO] [get_Config] -JSON file parsed into CLR compliant object
22-Feb-2021-07:31:00 [AngloAmerican.SDET.UITest.Common.Extensions.WebElementExtensions] [INFO] [Click] -The web element is clicked
22-Feb-2021-07:31:00 [AngloAmerican.SDET.UITest.Common.Extensions.WebDriverExtensions+<>c__DisplayClass8_0] [INFO] [<IsWebElementEnabled>b__0] -Web Element is enabled
22-Feb-2021-07:31:08 [AngloAmerican.SDET.UITest.Common.Extensions.WebElementExtensions] [INFO] [SendKeys] -Value sent to the input box 
22-Feb-2021-07:31:08 [AngloAmerican.SDET.UITest.Common.Config.ConfigSetUp] [INFO] [GetConfigData] -Config file read successfully
22-Feb-2021-07:31:08 [AngloAmerican.SDET.UITest.Common.Config.ConfigSetUp] [INFO] [get_Config] -JSON file parsed into CLR compliant object
22-Feb-2021-07:31:08 [AngloAmerican.SDET.UITest.Common.Extensions.WebDriverExtensions+<>c__DisplayClass8_0] [INFO] [<IsWebElementEnabled>b__0] -Web Element is enabled
22-Feb-2021-07:31:16 [AngloAmerican.SDET.UITest.Common.Extensions.WebElementExtensions] [INFO] [SendKeys] -Value sent to the input box 
22-Feb-2021-07:31:31 [AngloAmerican.SDET.UITest.Common.Extensions.WebElementExtensions] [INFO] [Click] -The web element is clicked
22-Feb-2021-07:31:45 [AngloAmerican.SDET.UITest.Common.Extensions.WebElementExtensions] [INFO] [Click] -The web element is clicked
22-Feb-2021-07:32:00 [AngloAmerican.SDET.UITest.Common.Extensions.WebElementExtensions] [INFO] [Click] -The web element is clicked
22-Feb-2021-07:32:00 [AngloAmerican.SDET.UITest.Common.Extensions.WebDriverExtensions+<>c__DisplayClass8_0] [INFO] [<IsWebElementEnabled>b__0] -Web Element is enabled
22-Feb-2021-07:32:08 [AngloAmerican.SDET.UITest.Common.Extensions.WebElementExtensions] [INFO] [SendKeys] -Value sent to the input box 
22-Feb-2021-07:32:08 [AngloAmerican.SDET.UITest.Common.Extensions.WebDriverExtensions+<>c__DisplayClass8_0] [INFO] [<IsWebElementEnabled>b__0] -Web Element is enabled
22-Feb-2021-07:32:16 [AngloAmerican.SDET.UITest.Common.Extensions.WebElementExtensions] [INFO] [SendKeys] -Value sent to the input box 
22-Feb-2021-07:32:16 [AngloAmerican.SDET.UITest.Common.Extensions.WebDriverExtensions+<>c__DisplayClass8_0] [INFO] [<IsWebElementEnabled>b__0] -Web Element is enabled
22-Feb-2021-07:32:24 [AngloAmerican.SDET.UITest.Common.Extensions.WebElementExtensions] [INFO] [SendKeys] -Value sent to the input box 
22-Feb-2021-07:32:24 [AngloAmerican.SDET.UITest.Common.Extensions.WebDriverExtensions+<>c__DisplayClass8_0] [INFO] [<IsWebElementEnabled>b__0] -Web Element is enabled
22-Feb-2021-07:32:32 [AngloAmerican.SDET.UITest.Common.Extensions.WebElementExtensions] [INFO] [SendKeys] -Value sent to the input box 
22-Feb-2021-07:32:32 [AngloAmerican.SDET.UITest.Common.Extensions.WebDriverExtensions+<>c__DisplayClass8_0] [INFO] [<IsWebElementEnabled>b__0] -Web Element is enabled
22-Feb-2021-07:32:56 [AngloAmerican.SDET.UITest.Common.Extensions.WebElementExtensions] [INFO] [SelectDropDownOptionByText] -Value is selected from the dropdown list
22-Feb-2021-07:32:56 [AngloAmerican.SDET.UITest.Common.Extensions.WebDriverExtensions+<>c__DisplayClass8_0] [INFO] [<IsWebElementEnabled>b__0] -Web Element is enabled
22-Feb-2021-07:33:04 [AngloAmerican.SDET.UITest.Common.Extensions.WebElementExtensions] [INFO] [SendKeys] -Value sent to the input box 
22-Feb-2021-07:33:04 [AngloAmerican.SDET.UITest.Common.Extensions.WebDriverExtensions+<>c__DisplayClass8_0] [INFO] [<IsWebElementEnabled>b__0] -Web Element is enabled
22-Feb-2021-07:33:30 [AngloAmerican.SDET.UITest.Common.Extensions.WebElementExtensions] [ERROR] [SelectDropDownOptionByText] -Error occured in selecting value from dropdown list:    at OpenQA.Selenium.Support.UI.SelectElement.SelectByText(String text, Boolean partialMatch)
   at AngloAmerican.SDET.UITest.Common.Extensions.WebElementExtensions.SelectDropDownOptionByText(IWebElement element, String valueToSelect, Int32 waitTime) in C:\Users\Santosh Kumar\Source\Workspace\AutomationTests\AngloAmerican.SDET.UITest.Common\AngloAmerican.SDET.UITest.Common\Extensions\WebElementExtensions.cs:line 51
22-Feb-2021-07:33:45 [AngloAmerican.SDET.UITest.Common.Extensions.WebElementExtensions] [INFO] [Click] -The web element is clicked
22-Feb-2021-07:33:51 [AngloAmerican.SDET.UITest.Common.Helper.CaptureTestEvidence] [INFO] [TakeScreenShot] -Screenshot saved successfully
22-Feb-2021-07:34:09 [AngloAmerican.SDET.UITest.Common.Hooks.SpecFlowHooks] [INFO] [AfterTestRunTearDown] -Test run complete. WebDriver closed and resources disposed
22-Feb-2021-07:36:31 [AngloAmerican.SDET.UITest.Common.Selenium.Drivers] [INFO] [LaunchChromeDriver] -Chrome browser version is: 88.0.4324.182
22-Feb-2021-07:36:31 [AngloAmerican.SDET.UITest.Common.Selenium.Drivers] [INFO] [LaunchChromeDriver] -Chrome driver version is: 88.0.4324.96 (68dba2d8a0b149a1d3afac56fa74648032bcf46b-refs/branch-heads/4324@{#1784})
22-Feb-2021-07:36:31 [AngloAmerican.SDET.UITest.Common.Config.ConfigSetUp] [INFO] [GetConfigData] -Config file read successfully
22-Feb-2021-07:36:31 [AngloAmerican.SDET.UITest.Common.Config.ConfigSetUp] [INFO] [get_Config] -JSON file parsed into CLR compliant object
22-Feb-2021-07:36:32 [AngloAmerican.SDET.UITest.Common.Extensions.JavaScriptExtensions] [INFO] [ScrollToBottom] -Screen scrolled to bottom
22-Feb-2021-07:36:33 [AngloAmerican.SDET.UITest.Common.Extensions.WebElementExtensions] [INFO] [Click] -The web element is clicked
22-Feb-2021-07:36:37 [AngloAmerican.SDET.UITest.Common.Extensions.WebElementExtensions] [INFO] [Click] -The web element is clicked
22-Feb-2021-07:36:38 [AngloAmerican.SDET.UITest.Common.Extensions.WebElementExtensions] [INFO] [Click] -The web element is clicked
22-Feb-2021-07:36:42 [AngloAmerican.SDET.UITest.Common.Extensions.WebDriverExtensions+<>c__DisplayClass8_0] [INFO] [<IsWebElementEnabled>b__0] -Web Element is enabled
22-Feb-2021-07:36:42 [AngloAmerican.SDET.UITest.Common.Extensions.WebElementExtensions] [INFO] [SelectDropDownOptionByIndex] -Value is selected from the dropdown list
22-Feb-2021-07:36:45 [AngloAmerican.SDET.UITest.Common.Extensions.WebElementExtensions] [INFO] [Click] -The web element is clicked
22-Feb-2021-07:36:45 [AngloAmerican.SDET.UITest.Common.Extensions.JavaScriptExtensions] [INFO] [ScrollToTop] -Screen scrolled to top
22-Feb-2021-07:36:45 [AngloAmerican.SDET.UITest.Common.Extensions.WebElementExtensions] [INFO] [Click] -The web element is clicked
22-Feb-2021-07:36:45 [AngloAmerican.SDET.UITest.Common.Extensions.JavaScriptExtensions] [INFO] [ScrollToBottom] -Screen scrolled to bottom
22-Feb-2021-07:36:46 [AngloAmerican.SDET.UITest.Common.Extensions.WebElementExtensions] [INFO] [Click] -The web element is clicked
22-Feb-2021-07:36:46 [AngloAmerican.SDET.UITest.Common.Extensions.WebElementExtensions] [INFO] [Click] -The web element is clicked
22-Feb-2021-07:36:46 [AngloAmerican.SDET.UITest.Common.Extensions.WebElementExtensions] [INFO] [Click] -The web element is clicked
22-Feb-2021-07:36:46 [AngloAmerican.SDET.UITest.Common.Extensions.WebDriverExtensions+<>c__DisplayClass8_0] [INFO] [<IsWebElementEnabled>b__0] -Web Element is enabled
22-Feb-2021-07:36:46 [AngloAmerican.SDET.UITest.Common.Extensions.WebElementExtensions] [INFO] [SendKeys] -Value sent to the input box 
22-Feb-2021-07:36:46 [AngloAmerican.SDET.UITest.Common.Extensions.WebDriverExtensions+<>c__DisplayClass8_0] [INFO] [<IsWebElementEnabled>b__0] -Web Element is enabled
22-Feb-2021-07:36:46 [AngloAmerican.SDET.UITest.Common.Extensions.WebElementExtensions] [INFO] [SendKeys] -Value sent to the input box 
22-Feb-2021-07:36:46 [AngloAmerican.SDET.UITest.Common.Extensions.WebDriverExtensions+<>c__DisplayClass8_0] [INFO] [<IsWebElementEnabled>b__0] -Web Element is enabled
22-Feb-2021-07:36:46 [AngloAmerican.SDET.UITest.Common.Extensions.WebElementExtensions] [INFO] [SendKeys] -Value sent to the input box 
22-Feb-2021-07:36:46 [AngloAmerican.SDET.UITest.Common.Extensions.WebDriverExtensions+<>c__DisplayClass8_0] [INFO] [<IsWebElementEnabled>b__0] -Web Element is enabled
22-Feb-2021-07:36:46 [AngloAmerican.SDET.UITest.Common.Extensions.WebElementExtensions] [INFO] [SendKeys] -Value sent to the input box 
22-Feb-2021-07:36:46 [AngloAmerican.SDET.UITest.Common.Extensions.WebDriverExtensions+<>c__DisplayClass8_0] [INFO] [<IsWebElementEnabled>b__0] -Web Element is enabled
22-Feb-2021-07:36:47 [AngloAmerican.SDET.UITest.Common.Extensions.WebElementExtensions] [INFO] [SendKeys] -Value sent to the input box 
22-Feb-2021-07:36:47 [AngloAmerican.SDET.UITest.Common.Extensions.WebDriverExtensions+<>c__DisplayClass8_0] [INFO] [<IsWebElementEnabled>b__0] -Web Element is enabled
22-Feb-2021-07:36:47 [AngloAmerican.SDET.UITest.Common.Extensions.WebElementExtensions] [INFO] [SendKeys] -Value sent to the input box 
22-Feb-2021-07:36:47 [AngloAmerican.SDET.UITest.Common.Extensions.WebDriverExtensions+<>c__DisplayClass8_0] [INFO] [<IsWebElementEnabled>b__0] -Web Element is enabled
22-Feb-2021-07:36:47 [AngloAmerican.SDET.UITest.Common.Extensions.WebElementExtensions] [INFO] [SelectDropDownOptionByText] -Value is selected from the dropdown list
22-Feb-2021-07:36:47 [AngloAmerican.SDET.UITest.Common.Extensions.WebDriverExtensions+<>c__DisplayClass8_0] [INFO] [<IsWebElementEnabled>b__0] -Web Element is enabled
22-Feb-2021-07:36:47 [AngloAmerican.SDET.UITest.Common.Extensions.WebElementExtensions] [INFO] [SendKeys] -Value sent to the input box 
22-Feb-2021-07:36:47 [AngloAmerican.SDET.UITest.Common.Extensions.WebDriverExtensions+<>c__DisplayClass8_0] [INFO] [<IsWebElementEnabled>b__0] -Web Element is enabled
22-Feb-2021-07:36:49 [AngloAmerican.SDET.UITest.Common.Extensions.WebElementExtensions] [ERROR] [SelectDropDownOptionByText] -Error occured in selecting value from dropdown list:    at OpenQA.Selenium.Support.UI.SelectElement.SelectByText(String text, Boolean partialMatch)
   at AngloAmerican.SDET.UITest.Common.Extensions.WebElementExtensions.SelectDropDownOptionByText(IWebElement element, String valueToSelect, Int32 waitTime) in C:\Users\Santosh Kumar\Source\Workspace\AutomationTests\AngloAmerican.SDET.UITest.Common\AngloAmerican.SDET.UITest.Common\Extensions\WebElementExtensions.cs:line 51
22-Feb-2021-07:36:49 [AngloAmerican.SDET.UITest.Common.Extensions.WebElementExtensions] [INFO] [Click] -The web element is clicked
22-Feb-2021-07:36:50 [AngloAmerican.SDET.UITest.Common.Extensions.WebElementExtensions] [INFO] [Click] -The web element is clicked
22-Feb-2021-07:36:55 [AngloAmerican.SDET.UITest.Common.Selenium.Drivers] [INFO] [LaunchChromeDriver] -Chrome browser version is: 88.0.4324.182
22-Feb-2021-07:36:55 [AngloAmerican.SDET.UITest.Common.Selenium.Drivers] [INFO] [LaunchChromeDriver] -Chrome driver version is: 88.0.4324.96 (68dba2d8a0b149a1d3afac56fa74648032bcf46b-refs/branch-heads/4324@{#1784})
22-Feb-2021-07:36:55 [AngloAmerican.SDET.UITest.Common.Config.ConfigSetUp] [INFO] [GetConfigData] -Config file read successfully
22-Feb-2021-07:36:55 [AngloAmerican.SDET.UITest.Common.Config.ConfigSetUp] [INFO] [get_Config] -JSON file parsed into CLR compliant object
22-Feb-2021-07:36:57 [AngloAmerican.SDET.UITest.Common.Extensions.WebElementExtensions] [INFO] [Click] -The web element is clicked
22-Feb-2021-07:36:57 [AngloAmerican.SDET.UITest.Common.Extensions.WebElementExtensions] [INFO] [Click] -The web element is clicked
22-Feb-2021-07:36:57 [AngloAmerican.SDET.UITest.Common.Extensions.WebElementExtensions] [INFO] [Click] -The web element is clicked
22-Feb-2021-07:36:57 [AngloAmerican.SDET.UITest.Common.Extensions.WebDriverExtensions+<>c__DisplayClass8_0] [INFO] [<IsWebElementEnabled>b__0] -Web Element is enabled
22-Feb-2021-07:36:57 [AngloAmerican.SDET.UITest.Common.Extensions.WebElementExtensions] [INFO] [SendKeys] -Value sent to the input box 
22-Feb-2021-07:36:57 [AngloAmerican.SDET.UITest.Common.Extensions.WebDriverExtensions+<>c__DisplayClass8_0] [INFO] [<IsWebElementEnabled>b__0] -Web Element is enabled
22-Feb-2021-07:36:57 [AngloAmerican.SDET.UITest.Common.Extensions.WebElementExtensions] [INFO] [SendKeys] -Value sent to the input box 
22-Feb-2021-07:36:57 [AngloAmerican.SDET.UITest.Common.Extensions.WebDriverExtensions+<>c__DisplayClass8_0] [INFO] [<IsWebElementEnabled>b__0] -Web Element is enabled
22-Feb-2021-07:36:57 [AngloAmerican.SDET.UITest.Common.Extensions.WebElementExtensions] [INFO] [SendKeys] -Value sent to the input box 
22-Feb-2021-07:36:57 [AngloAmerican.SDET.UITest.Common.Extensions.WebDriverExtensions+<>c__DisplayClass8_0] [INFO] [<IsWebElementEnabled>b__0] -Web Element is enabled
22-Feb-2021-07:36:58 [AngloAmerican.SDET.UITest.Common.Extensions.WebElementExtensions] [INFO] [SendKeys] -Value sent to the input box 
22-Feb-2021-07:36:58 [AngloAmerican.SDET.UITest.Common.Extensions.WebDriverExtensions+<>c__DisplayClass8_0] [INFO] [<IsWebElementEnabled>b__0] -Web Element is enabled
22-Feb-2021-07:36:58 [AngloAmerican.SDET.UITest.Common.Extensions.WebElementExtensions] [INFO] [SendKeys] -Value sent to the input box 
22-Feb-2021-07:36:58 [AngloAmerican.SDET.UITest.Common.Extensions.WebDriverExtensions+<>c__DisplayClass8_0] [INFO] [<IsWebElementEnabled>b__0] -Web Element is enabled
22-Feb-2021-07:36:58 [AngloAmerican.SDET.UITest.Common.Extensions.WebElementExtensions] [INFO] [SendKeys] -Value sent to the input box 
22-Feb-2021-07:36:58 [AngloAmerican.SDET.UITest.Common.Extensions.WebDriverExtensions+<>c__DisplayClass8_0] [INFO] [<IsWebElementEnabled>b__0] -Web Element is enabled
22-Feb-2021-07:36:58 [AngloAmerican.SDET.UITest.Common.Extensions.WebElementExtensions] [INFO] [SelectDropDownOptionByText] -Value is selected from the dropdown list
22-Feb-2021-07:36:58 [AngloAmerican.SDET.UITest.Common.Extensions.WebDriverExtensions+<>c__DisplayClass8_0] [INFO] [<IsWebElementEnabled>b__0] -Web Element is enabled
22-Feb-2021-07:36:58 [AngloAmerican.SDET.UITest.Common.Extensions.WebElementExtensions] [INFO] [SendKeys] -Value sent to the input box 
22-Feb-2021-07:36:58 [AngloAmerican.SDET.UITest.Common.Extensions.WebDriverExtensions+<>c__DisplayClass8_0] [INFO] [<IsWebElementEnabled>b__0] -Web Element is enabled
22-Feb-2021-07:37:00 [AngloAmerican.SDET.UITest.Common.Extensions.WebElementExtensions] [ERROR] [SelectDropDownOptionByText] -Error occured in selecting value from dropdown list:    at OpenQA.Selenium.Support.UI.SelectElement.SelectByText(String text, Boolean partialMatch)
   at AngloAmerican.SDET.UITest.Common.Extensions.WebElementExtensions.SelectDropDownOptionByText(IWebElement element, String valueToSelect, Int32 waitTime) in C:\Users\Santosh Kumar\Source\Workspace\AutomationTests\AngloAmerican.SDET.UITest.Common\AngloAmerican.SDET.UITest.Common\Extensions\WebElementExtensions.cs:line 51
22-Feb-2021-07:37:00 [AngloAmerican.SDET.UITest.Common.Extensions.WebDriverExtensions+<>c__DisplayClass8_0] [INFO] [<IsWebElementEnabled>b__0] -Web Element is enabled
22-Feb-2021-07:37:00 [AngloAmerican.SDET.UITest.Common.Extensions.WebElementExtensions] [INFO] [SendKeys] -Value sent to the input box 
22-Feb-2021-07:37:00 [AngloAmerican.SDET.UITest.Common.Config.ConfigSetUp] [INFO] [GetConfigData] -Config file read successfully
22-Feb-2021-07:37:00 [AngloAmerican.SDET.UITest.Common.Config.ConfigSetUp] [INFO] [get_Config] -JSON file parsed into CLR compliant object
22-Feb-2021-07:37:00 [AngloAmerican.SDET.UITest.Common.Extensions.WebDriverExtensions+<>c__DisplayClass8_0] [INFO] [<IsWebElementEnabled>b__0] -Web Element is enabled
22-Feb-2021-07:37:00 [AngloAmerican.SDET.UITest.Common.Extensions.WebElementExtensions] [INFO] [SendKeys] -Value sent to the input box 
22-Feb-2021-07:37:00 [AngloAmerican.SDET.UITest.Common.Config.ConfigSetUp] [INFO] [GetConfigData] -Config file read successfully
22-Feb-2021-07:37:00 [AngloAmerican.SDET.UITest.Common.Config.ConfigSetUp] [INFO] [get_Config] -JSON file parsed into CLR compliant object
22-Feb-2021-07:37:00 [AngloAmerican.SDET.UITest.Common.Extensions.WebDriverExtensions+<>c__DisplayClass8_0] [INFO] [<IsWebElementEnabled>b__0] -Web Element is enabled
22-Feb-2021-07:37:00 [AngloAmerican.SDET.UITest.Common.Extensions.WebElementExtensions] [INFO] [SendKeys] -Value sent to the input box 
22-Feb-2021-07:37:00 [AngloAmerican.SDET.UITest.Common.Extensions.WebElementExtensions] [INFO] [Click] -The web element is clicked
22-Feb-2021-07:37:01 [AngloAmerican.SDET.UITest.Common.Extensions.WebElementExtensions] [INFO] [Click] -The web element is clicked
22-Feb-2021-07:37:01 [AngloAmerican.SDET.UITest.Common.Config.ConfigSetUp] [INFO] [GetConfigData] -Config file read successfully
22-Feb-2021-07:37:01 [AngloAmerican.SDET.UITest.Common.Config.ConfigSetUp] [INFO] [get_Config] -JSON file parsed into CLR compliant object
22-Feb-2021-07:37:01 [AngloAmerican.SDET.UITest.Common.Extensions.JavaScriptExtensions] [INFO] [ScrollToBottom] -Screen scrolled to bottom
22-Feb-2021-07:37:02 [AngloAmerican.SDET.UITest.Common.Extensions.WebElementExtensions] [INFO] [Click] -The web element is clicked
22-Feb-2021-07:37:06 [AngloAmerican.SDET.UITest.Common.Extensions.WebElementExtensions] [INFO] [Click] -The web element is clicked
22-Feb-2021-07:37:06 [AngloAmerican.SDET.UITest.Common.Extensions.WebElementExtensions] [INFO] [Click] -The web element is clicked
22-Feb-2021-07:37:06 [AngloAmerican.SDET.UITest.Common.Extensions.WebDriverExtensions+<>c__DisplayClass8_0] [INFO] [<IsWebElementEnabled>b__0] -Web Element is enabled
22-Feb-2021-07:37:07 [AngloAmerican.SDET.UITest.Common.Extensions.WebElementExtensions] [INFO] [SelectDropDownOptionByIndex] -Value is selected from the dropdown list
22-Feb-2021-07:37:07 [AngloAmerican.SDET.UITest.Common.Extensions.WebElementExtensions] [INFO] [Click] -The web element is clicked
22-Feb-2021-07:37:07 [AngloAmerican.SDET.UITest.Common.Extensions.JavaScriptExtensions] [INFO] [ScrollToTop] -Screen scrolled to top
22-Feb-2021-07:37:07 [AngloAmerican.SDET.UITest.Common.Extensions.WebElementExtensions] [INFO] [Click] -The web element is clicked
22-Feb-2021-07:37:07 [AngloAmerican.SDET.UITest.Common.Extensions.JavaScriptExtensions] [INFO] [ScrollToBottom] -Screen scrolled to bottom
22-Feb-2021-07:37:08 [AngloAmerican.SDET.UITest.Common.Extensions.WebElementExtensions] [INFO] [Click] -The web element is clicked
22-Feb-2021-07:37:08 [AngloAmerican.SDET.UITest.Common.Extensions.WebElementExtensions] [INFO] [Click] -The web element is clicked
22-Feb-2021-07:37:14 [AngloAmerican.SDET.UITest.Common.Selenium.Drivers] [INFO] [LaunchChromeDriver] -Chrome browser version is: 88.0.4324.182
22-Feb-2021-07:37:14 [AngloAmerican.SDET.UITest.Common.Selenium.Drivers] [INFO] [LaunchChromeDriver] -Chrome driver version is: 88.0.4324.96 (68dba2d8a0b149a1d3afac56fa74648032bcf46b-refs/branch-heads/4324@{#1784})
22-Feb-2021-07:37:14 [AngloAmerican.SDET.UITest.Common.Config.ConfigSetUp] [INFO] [GetConfigData] -Config file read successfully
22-Feb-2021-07:37:14 [AngloAmerican.SDET.UITest.Common.Config.ConfigSetUp] [INFO] [get_Config] -JSON file parsed into CLR compliant object
22-Feb-2021-07:37:15 [AngloAmerican.SDET.UITest.Common.Extensions.WebElementExtensions] [INFO] [Click] -The web element is clicked
22-Feb-2021-07:37:15 [AngloAmerican.SDET.UITest.Common.Extensions.WebDriverExtensions+<>c__DisplayClass8_0] [INFO] [<IsWebElementEnabled>b__0] -Web Element is enabled
22-Feb-2021-07:37:15 [AngloAmerican.SDET.UITest.Common.Extensions.WebElementExtensions] [INFO] [SendKeys] -Value sent to the input box 
22-Feb-2021-07:37:15 [AngloAmerican.SDET.UITest.Common.Config.ConfigSetUp] [INFO] [GetConfigData] -Config file read successfully
22-Feb-2021-07:37:15 [AngloAmerican.SDET.UITest.Common.Config.ConfigSetUp] [INFO] [get_Config] -JSON file parsed into CLR compliant object
22-Feb-2021-07:37:15 [AngloAmerican.SDET.UITest.Common.Extensions.WebDriverExtensions+<>c__DisplayClass8_0] [INFO] [<IsWebElementEnabled>b__0] -Web Element is enabled
22-Feb-2021-07:37:15 [AngloAmerican.SDET.UITest.Common.Extensions.WebElementExtensions] [INFO] [SendKeys] -Value sent to the input box 
22-Feb-2021-07:37:16 [AngloAmerican.SDET.UITest.Common.Extensions.WebElementExtensions] [INFO] [Click] -The web element is clicked
22-Feb-2021-07:37:16 [AngloAmerican.SDET.UITest.Common.Extensions.WebElementExtensions] [INFO] [Click] -The web element is clicked
22-Feb-2021-07:37:17 [AngloAmerican.SDET.UITest.Common.Extensions.WebElementExtensions] [INFO] [Click] -The web element is clicked
22-Feb-2021-07:37:17 [AngloAmerican.SDET.UITest.Common.Extensions.WebElementExtensions] [INFO] [Click] -The web element is clicked
22-Feb-2021-07:37:17 [AngloAmerican.SDET.UITest.Common.Config.ConfigSetUp] [INFO] [GetConfigData] -Config file read successfully
22-Feb-2021-07:37:17 [AngloAmerican.SDET.UITest.Common.Config.ConfigSetUp] [INFO] [get_Config] -JSON file parsed into CLR compliant object
22-Feb-2021-07:37:17 [AngloAmerican.SDET.UITest.Common.Extensions.JavaScriptExtensions] [INFO] [ScrollToBottom] -Screen scrolled to bottom
22-Feb-2021-07:37:18 [AngloAmerican.SDET.UITest.Common.Extensions.WebElementExtensions] [INFO] [Click] -The web element is clicked
22-Feb-2021-07:37:22 [AngloAmerican.SDET.UITest.Common.Extensions.WebElementExtensions] [INFO] [Click] -The web element is clicked
22-Feb-2021-07:37:22 [AngloAmerican.SDET.UITest.Common.Extensions.WebElementExtensions] [INFO] [Click] -The web element is clicked
22-Feb-2021-07:37:22 [AngloAmerican.SDET.UITest.Common.Extensions.WebElementExtensions] [INFO] [Click] -The web element is clicked
22-Feb-2021-07:37:22 [AngloAmerican.SDET.UITest.Common.Extensions.JavaScriptExtensions] [INFO] [ScrollToTop] -Screen scrolled to top
22-Feb-2021-07:37:23 [AngloAmerican.SDET.UITest.Common.Extensions.WebElementExtensions] [INFO] [Click] -The web element is clicked
22-Feb-2021-07:37:23 [AngloAmerican.SDET.UITest.Common.Extensions.JavaScriptExtensions] [INFO] [ScrollToBottom] -Screen scrolled to bottom
22-Feb-2021-07:37:23 [AngloAmerican.SDET.UITest.Common.Extensions.WebElementExtensions] [INFO] [Click] -The web element is clicked
22-Feb-2021-07:37:23 [AngloAmerican.SDET.UITest.Common.Extensions.WebElementExtensions] [INFO] [Click] -The web element is clicked
22-Feb-2021-07:37:29 [AngloAmerican.SDET.UITest.Common.Selenium.Drivers] [INFO] [LaunchChromeDriver] -Chrome browser version is: 88.0.4324.182
22-Feb-2021-07:37:29 [AngloAmerican.SDET.UITest.Common.Selenium.Drivers] [INFO] [LaunchChromeDriver] -Chrome driver version is: 88.0.4324.96 (68dba2d8a0b149a1d3afac56fa74648032bcf46b-refs/branch-heads/4324@{#1784})
22-Feb-2021-07:37:29 [AngloAmerican.SDET.UITest.Common.Config.ConfigSetUp] [INFO] [GetConfigData] -Config file read successfully
22-Feb-2021-07:37:29 [AngloAmerican.SDET.UITest.Common.Config.ConfigSetUp] [INFO] [get_Config] -JSON file parsed into CLR compliant object
22-Feb-2021-07:37:31 [AngloAmerican.SDET.UITest.Common.Extensions.WebElementExtensions] [INFO] [Click] -The web element is clicked
22-Feb-2021-07:37:31 [AngloAmerican.SDET.UITest.Common.Extensions.WebDriverExtensions+<>c__DisplayClass8_0] [INFO] [<IsWebElementEnabled>b__0] -Web Element is enabled
22-Feb-2021-07:37:31 [AngloAmerican.SDET.UITest.Common.Extensions.WebElementExtensions] [INFO] [SendKeys] -Value sent to the input box 
22-Feb-2021-07:37:31 [AngloAmerican.SDET.UITest.Common.Config.ConfigSetUp] [INFO] [GetConfigData] -Config file read successfully
22-Feb-2021-07:37:31 [AngloAmerican.SDET.UITest.Common.Config.ConfigSetUp] [INFO] [get_Config] -JSON file parsed into CLR compliant object
22-Feb-2021-07:37:31 [AngloAmerican.SDET.UITest.Common.Extensions.WebDriverExtensions+<>c__DisplayClass8_0] [INFO] [<IsWebElementEnabled>b__0] -Web Element is enabled
22-Feb-2021-07:37:31 [AngloAmerican.SDET.UITest.Common.Extensions.WebElementExtensions] [INFO] [SendKeys] -Value sent to the input box 
22-Feb-2021-07:37:31 [AngloAmerican.SDET.UITest.Common.Extensions.WebElementExtensions] [INFO] [Click] -The web element is clicked
22-Feb-2021-07:37:32 [AngloAmerican.SDET.UITest.Common.Extensions.WebElementExtensions] [INFO] [Click] -The web element is clicked
22-Feb-2021-07:37:32 [AngloAmerican.SDET.UITest.Common.Extensions.WebElementExtensions] [INFO] [Click] -The web element is clicked
22-Feb-2021-07:37:32 [AngloAmerican.SDET.UITest.Common.Helper.CaptureTestEvidence] [INFO] [TakeScreenShot] -Screenshot saved successfully
22-Feb-2021-07:37:38 [AngloAmerican.SDET.UITest.Common.Selenium.Drivers] [INFO] [LaunchChromeDriver] -Chrome browser version is: 88.0.4324.182
22-Feb-2021-07:37:38 [AngloAmerican.SDET.UITest.Common.Selenium.Drivers] [INFO] [LaunchChromeDriver] -Chrome driver version is: 88.0.4324.96 (68dba2d8a0b149a1d3afac56fa74648032bcf46b-refs/branch-heads/4324@{#1784})
22-Feb-2021-07:37:38 [AngloAmerican.SDET.UITest.Common.Config.ConfigSetUp] [INFO] [GetConfigData] -Config file read successfully
22-Feb-2021-07:37:38 [AngloAmerican.SDET.UITest.Common.Config.ConfigSetUp] [INFO] [get_Config] -JSON file parsed into CLR compliant object
22-Feb-2021-07:37:40 [AngloAmerican.SDET.UITest.Common.Extensions.WebElementExtensions] [INFO] [Click] -The web element is clicked
22-Feb-2021-07:37:40 [AngloAmerican.SDET.UITest.Common.Extensions.WebElementExtensions] [INFO] [Click] -The web element is clicked
22-Feb-2021-07:37:40 [AngloAmerican.SDET.UITest.Common.Extensions.WebElementExtensions] [INFO] [Click] -The web element is clicked
22-Feb-2021-07:37:40 [AngloAmerican.SDET.UITest.Common.Extensions.WebElementExtensions] [INFO] [Click] -The web element is clicked
22-Feb-2021-07:37:40 [AngloAmerican.SDET.UITest.Common.Extensions.JavaScriptExtensions] [INFO] [ScrollToBottom] -Screen scrolled to bottom
22-Feb-2021-07:37:41 [AngloAmerican.SDET.UITest.Common.Extensions.WebElementExtensions] [INFO] [Click] -The web element is clicked
22-Feb-2021-07:37:46 [AngloAmerican.SDET.UITest.Common.Selenium.Drivers] [INFO] [LaunchChromeDriver] -Chrome browser version is: 88.0.4324.182
22-Feb-2021-07:37:46 [AngloAmerican.SDET.UITest.Common.Selenium.Drivers] [INFO] [LaunchChromeDriver] -Chrome driver version is: 88.0.4324.96 (68dba2d8a0b149a1d3afac56fa74648032bcf46b-refs/branch-heads/4324@{#1784})
22-Feb-2021-07:37:46 [AngloAmerican.SDET.UITest.Common.Config.ConfigSetUp] [INFO] [GetConfigData] -Config file read successfully
22-Feb-2021-07:37:46 [AngloAmerican.SDET.UITest.Common.Config.ConfigSetUp] [INFO] [get_Config] -JSON file parsed into CLR compliant object
22-Feb-2021-07:37:48 [AngloAmerican.SDET.UITest.Common.Extensions.WebElementExtensions] [INFO] [Click] -The web element is clicked
22-Feb-2021-07:37:48 [AngloAmerican.SDET.UITest.Common.Extensions.JavaScriptExtensions] [INFO] [ScrollToBottom] -Screen scrolled to bottom
22-Feb-2021-07:37:48 [AngloAmerican.SDET.UITest.Common.Extensions.WebDriverExtensions+<>c__DisplayClass8_0] [INFO] [<IsWebElementEnabled>b__0] -Web Element is enabled
22-Feb-2021-07:37:48 [AngloAmerican.SDET.UITest.Common.Extensions.WebElementExtensions] [INFO] [SelectDropDownOptionByText] -Value is selected from the dropdown list
22-Feb-2021-07:37:48 [AngloAmerican.SDET.UITest.Common.Extensions.JavaScriptExtensions] [INFO] [ScrollToBottom] -Screen scrolled to bottom
22-Feb-2021-07:37:48 [AngloAmerican.SDET.UITest.Common.Helper.CaptureTestEvidence] [INFO] [TakeScreenShot] -Screenshot saved successfully
22-Feb-2021-07:37:55 [AngloAmerican.SDET.UITest.Common.Selenium.Drivers] [INFO] [LaunchChromeDriver] -Chrome browser version is: 88.0.4324.182
22-Feb-2021-07:37:55 [AngloAmerican.SDET.UITest.Common.Selenium.Drivers] [INFO] [LaunchChromeDriver] -Chrome driver version is: 88.0.4324.96 (68dba2d8a0b149a1d3afac56fa74648032bcf46b-refs/branch-heads/4324@{#1784})
22-Feb-2021-07:37:55 [AngloAmerican.SDET.UITest.Common.Config.ConfigSetUp] [INFO] [GetConfigData] -Config file read successfully
22-Feb-2021-07:37:55 [AngloAmerican.SDET.UITest.Common.Config.ConfigSetUp] [INFO] [get_Config] -JSON file parsed into CLR compliant object
22-Feb-2021-07:37:57 [AngloAmerican.SDET.UITest.Common.Extensions.WebElementExtensions] [INFO] [Click] -The web element is clicked
22-Feb-2021-07:37:57 [AngloAmerican.SDET.UITest.Common.Extensions.WebDriverExtensions+<>c__DisplayClass8_0] [INFO] [<IsWebElementEnabled>b__0] -Web Element is enabled
22-Feb-2021-07:37:57 [AngloAmerican.SDET.UITest.Common.Extensions.WebElementExtensions] [INFO] [SendKeys] -Value sent to the input box 
22-Feb-2021-07:37:57 [AngloAmerican.SDET.UITest.Common.Config.ConfigSetUp] [INFO] [GetConfigData] -Config file read successfully
22-Feb-2021-07:37:57 [AngloAmerican.SDET.UITest.Common.Config.ConfigSetUp] [INFO] [get_Config] -JSON file parsed into CLR compliant object
22-Feb-2021-07:37:57 [AngloAmerican.SDET.UITest.Common.Extensions.WebDriverExtensions+<>c__DisplayClass8_0] [INFO] [<IsWebElementEnabled>b__0] -Web Element is enabled
22-Feb-2021-07:37:57 [AngloAmerican.SDET.UITest.Common.Extensions.WebElementExtensions] [INFO] [SendKeys] -Value sent to the input box 
22-Feb-2021-07:37:57 [AngloAmerican.SDET.UITest.Common.Extensions.WebElementExtensions] [INFO] [Click] -The web element is clicked
22-Feb-2021-07:37:58 [AngloAmerican.SDET.UITest.Common.Extensions.WebElementExtensions] [INFO] [Click] -The web element is clicked
22-Feb-2021-07:37:58 [AngloAmerican.SDET.UITest.Common.Extensions.WebElementExtensions] [INFO] [Click] -The web element is clicked
22-Feb-2021-07:37:58 [AngloAmerican.SDET.UITest.Common.Extensions.WebDriverExtensions+<>c__DisplayClass8_0] [INFO] [<IsWebElementEnabled>b__0] -Web Element is enabled
22-Feb-2021-07:37:58 [AngloAmerican.SDET.UITest.Common.Extensions.WebElementExtensions] [INFO] [SendKeys] -Value sent to the input box 
22-Feb-2021-07:37:58 [AngloAmerican.SDET.UITest.Common.Extensions.WebDriverExtensions+<>c__DisplayClass8_0] [INFO] [<IsWebElementEnabled>b__0] -Web Element is enabled
22-Feb-2021-07:37:58 [AngloAmerican.SDET.UITest.Common.Extensions.WebElementExtensions] [INFO] [SendKeys] -Value sent to the input box 
22-Feb-2021-07:37:58 [AngloAmerican.SDET.UITest.Common.Extensions.WebDriverExtensions+<>c__DisplayClass8_0] [INFO] [<IsWebElementEnabled>b__0] -Web Element is enabled
22-Feb-2021-07:37:58 [AngloAmerican.SDET.UITest.Common.Extensions.WebElementExtensions] [INFO] [SendKeys] -Value sent to the input box 
22-Feb-2021-07:37:58 [AngloAmerican.SDET.UITest.Common.Extensions.WebDriverExtensions+<>c__DisplayClass8_0] [INFO] [<IsWebElementEnabled>b__0] -Web Element is enabled
22-Feb-2021-07:37:58 [AngloAmerican.SDET.UITest.Common.Extensions.WebElementExtensions] [INFO] [SendKeys] -Value sent to the input box 
22-Feb-2021-07:37:58 [AngloAmerican.SDET.UITest.Common.Extensions.WebDriverExtensions+<>c__DisplayClass8_0] [INFO] [<IsWebElementEnabled>b__0] -Web Element is enabled
22-Feb-2021-07:37:58 [AngloAmerican.SDET.UITest.Common.Extensions.WebElementExtensions] [INFO] [SelectDropDownOptionByText] -Value is selected from the dropdown list
22-Feb-2021-07:37:58 [AngloAmerican.SDET.UITest.Common.Extensions.WebDriverExtensions+<>c__DisplayClass8_0] [INFO] [<IsWebElementEnabled>b__0] -Web Element is enabled
22-Feb-2021-07:37:58 [AngloAmerican.SDET.UITest.Common.Extensions.WebElementExtensions] [INFO] [SendKeys] -Value sent to the input box 
22-Feb-2021-07:37:58 [AngloAmerican.SDET.UITest.Common.Extensions.WebDriverExtensions+<>c__DisplayClass8_0] [INFO] [<IsWebElementEnabled>b__0] -Web Element is enabled
22-Feb-2021-07:38:01 [AngloAmerican.SDET.UITest.Common.Extensions.WebElementExtensions] [ERROR] [SelectDropDownOptionByText] -Error occured in selecting value from dropdown list:    at OpenQA.Selenium.Support.UI.SelectElement.SelectByText(String text, Boolean partialMatch)
   at AngloAmerican.SDET.UITest.Common.Extensions.WebElementExtensions.SelectDropDownOptionByText(IWebElement element, String valueToSelect, Int32 waitTime) in C:\Users\Santosh Kumar\Source\Workspace\AutomationTests\AngloAmerican.SDET.UITest.Common\AngloAmerican.SDET.UITest.Common\Extensions\WebElementExtensions.cs:line 51
22-Feb-2021-07:38:01 [AngloAmerican.SDET.UITest.Common.Extensions.WebElementExtensions] [INFO] [Click] -The web element is clicked
22-Feb-2021-07:38:02 [AngloAmerican.SDET.UITest.Common.Helper.CaptureTestEvidence] [INFO] [TakeScreenShot] -Screenshot saved successfully
22-Feb-2021-07:38:19 [AngloAmerican.SDET.UITest.Common.Hooks.SpecFlowHooks] [INFO] [AfterTestRunTearDown] -Test run complete. WebDriver closed and resources disposed
